#
# There is insufficient memory for the Java Runtime Environment to continue.
# Native memory allocation (malloc) failed to allocate 1200016 bytes for Chunk::new
# Possible reasons:
#   The system is out of physical RAM or swap space
#   The process is running with CompressedOops enabled, and the Java Heap may be blocking the growth of the native heap
# Possible solutions:
#   Reduce memory load on the system
#   Increase physical memory or swap space
#   Check if swap backing store is full
#   Decrease Java heap size (-Xmx/-Xms)
#   Decrease number of Java threads
#   Decrease Java thread stack sizes (-Xss)
#   Set larger code cache with -XX:ReservedCodeCacheSize=
#   JVM is running with Unscaled Compressed Oops mode in which the Java heap is
#     placed in the first 4GB address space. The Java Heap base address is the
#     maximum limit for the native heap growth. Please use -XX:HeapBaseMinAddress
#     to set the Java Heap base and to place the Java Heap above 4GB virtual address.
# This output file may be truncated or incomplete.
#
#  Out of Memory Error (allocation.cpp:390), pid=936, tid=0x0000000000006274
#
# JRE version: Java(TM) SE Runtime Environment (8.0_192-b12) (build 1.8.0_192-b12)
# Java VM: Java HotSpot(TM) 64-Bit Server VM (25.192-b12 mixed mode windows-amd64 compressed oops)
# Failed to write core dump. Minidumps are not enabled by default on client versions of Windows
#

---------------  T H R E A D  ---------------

Current thread (0x0000000017769800):  JavaThread "C2 CompilerThread1" daemon [_thread_in_native, id=25204, stack(0x00000000191a0000,0x00000000192a0000)]

Stack: [0x00000000191a0000,0x00000000192a0000]
[error occurred during error reporting (printing stack bounds), id 0xc0000005]

Native frames: (J=compiled Java code, j=interpreted, Vv=VM code, C=native code)


Current CompileTask:
C2:   3979 2773       4       org.springframework.beans.factory.support.AbstractBeanFactory::isTypeMatch (607 bytes)


---------------  P R O C E S S  ---------------

Java Threads: ( => current thread )
  0x000000001dac4000 JavaThread "mysql-cj-abandoned-connection-cleanup" daemon [_thread_blocked, id=26912, stack(0x000000001e160000,0x000000001e260000)]
  0x000000001d7cf000 JavaThread "container-0" [_thread_blocked, id=9568, stack(0x000000001cff0000,0x000000001d0f0000)]
  0x000000001d7ce800 JavaThread "Catalina-utility-2" [_thread_blocked, id=15152, stack(0x000000001b920000,0x000000001ba20000)]
  0x000000001ade5800 JavaThread "Catalina-utility-1" [_thread_blocked, id=10108, stack(0x0000000019e50000,0x0000000019f50000)]
  0x000000001779d800 JavaThread "Service Thread" daemon [_thread_blocked, id=18416, stack(0x00000000193a0000,0x00000000194a0000)]
  0x0000000017772800 JavaThread "C1 CompilerThread2" daemon [_thread_blocked, id=26492, stack(0x00000000192a0000,0x00000000193a0000)]
=>0x0000000017769800 JavaThread "C2 CompilerThread1" daemon [_thread_in_native, id=25204, stack(0x00000000191a0000,0x00000000192a0000)]
  0x0000000017752000 JavaThread "C2 CompilerThread0" daemon [_thread_blocked, id=21312, stack(0x00000000190a0000,0x00000000191a0000)]
  0x0000000017750000 JavaThread "Attach Listener" daemon [_thread_blocked, id=13988, stack(0x0000000018fa0000,0x00000000190a0000)]
  0x0000000018ae3800 JavaThread "Signal Dispatcher" daemon [_thread_blocked, id=8720, stack(0x0000000018ea0000,0x0000000018fa0000)]
  0x000000000304e000 JavaThread "Finalizer" daemon [_thread_blocked, id=8268, stack(0x00000000189a0000,0x0000000018aa0000)]
  0x0000000003044000 JavaThread "Reference Handler" daemon [_thread_blocked, id=14868, stack(0x00000000188a0000,0x00000000189a0000)]
  0x0000000002f54000 JavaThread "main" [_thread_in_native, id=23216, stack(0x0000000002a80000,0x0000000002b80000)]

Other Threads:
  0x0000000017707000 VMThread [stack: 0x00000000187a0000,0x00000000188a0000] [id=1196]
  0x0000000018b6c800 WatcherThread [stack: 0x00000000194a0000,0x00000000195a0000] [id=26100]

VM state:not at safepoint (normal execution)

VM Mutex/Monitor currently owned by a thread: None

heap address: 0x0000000088e00000, size: 1906 MB, Compressed Oops mode: 32-bit
Narrow klass base: 0x0000000000000000, Narrow klass shift: 3
Compressed class space size: 1073741824 Address: 0x0000000100000000

Heap:
 PSYoungGen      total 66560K, used 41630K [0x00000000d8500000, 0x00000000df400000, 0x0000000100000000)
  eden space 61440K, 59% used [0x00000000d8500000,0x00000000da8abc60,0x00000000dc100000)
  from space 5120K, 99% used [0x00000000dc100000,0x00000000dc5fbf68,0x00000000dc600000)
  to   space 10240K, 0% used [0x00000000dea00000,0x00000000dea00000,0x00000000df400000)
 ParOldGen       total 54272K, used 8342K [0x0000000088e00000, 0x000000008c300000, 0x00000000d8500000)
  object space 54272K, 15% used [0x0000000088e00000,0x0000000089625b20,0x000000008c300000)
 Metaspace       used 31690K, capacity 33232K, committed 33456K, reserved 1079296K
  class space    used 4119K, capacity 4414K, committed 4528K, reserved 1048576K

Card table byte_map: [0x0000000012410000,0x00000000127d0000] byte_map_base: 0x0000000011fc9000

Marking Bits: (ParMarkBitMap*) 0x0000000056153ce0
 Begin Bits: [0x0000000012e50000, 0x0000000014c18000)
 End Bits:   [0x0000000014c18000, 0x00000000169e0000)

Polling page: 0x0000000000d10000

CodeCache: size=245760Kb used=9655Kb max_used=9666Kb free=236104Kb
 bounds [0x0000000003050000, 0x00000000039d0000, 0x0000000012050000]
 total_blobs=3340 nmethods=2935 adapters=317
 compilation: enabled

Compilation events (10 events):
Event: 3.956 Thread 0x0000000017752000 2933       4       java.util.ArrayList::<init> (12 bytes)
Event: 3.956 Thread 0x0000000017752000 nmethod 2933 0x00000000039bb550 code [0x00000000039bb680, 0x00000000039bb6f8]
Event: 3.966 Thread 0x0000000017772800 2934       3       java.util.Arrays::rangeCheck (74 bytes)
Event: 3.966 Thread 0x0000000017772800 nmethod 2934 0x00000000039a2ad0 code [0x00000000039a2d20, 0x00000000039a3a68]
Event: 3.966 Thread 0x0000000017772800 2935       3       java.util.Arrays::fill (28 bytes)
Event: 3.966 Thread 0x0000000017772800 nmethod 2935 0x00000000039a25d0 code [0x00000000039a2740, 0x00000000039a29a8]
Event: 3.966 Thread 0x0000000017752000 2936 %     4       java.util.Arrays::fill @ 10 (28 bytes)
Event: 3.967 Thread 0x0000000017772800 2937       1       com.sun.org.apache.xerces.internal.util.Status::isExceptional (5 bytes)
Event: 3.967 Thread 0x0000000017772800 nmethod 2937 0x00000000039c2b90 code [0x00000000039c2ce0, 0x00000000039c2df0]
Event: 3.970 Thread 0x0000000017752000 nmethod 2936% 0x00000000039c2790 code [0x00000000039c28e0, 0x00000000039c2a98]

GC Heap History (10 events):
Event: 1.111 GC heap before
{Heap before GC invocations=2 (full 0):
 PSYoungGen      total 35840K, used 35813K [0x00000000d8500000, 0x00000000dad00000, 0x0000000100000000)
  eden space 30720K, 100% used [0x00000000d8500000,0x00000000da300000,0x00000000da300000)
  from space 5120K, 99% used [0x00000000da300000,0x00000000da7f9520,0x00000000da800000)
  to   space 5120K, 0% used [0x00000000da800000,0x00000000da800000,0x00000000dad00000)
 ParOldGen       total 81920K, used 991K [0x0000000088e00000, 0x000000008de00000, 0x00000000d8500000)
  object space 81920K, 1% used [0x0000000088e00000,0x0000000088ef7e78,0x000000008de00000)
 Metaspace       used 14825K, capacity 15444K, committed 15744K, reserved 1062912K
  class space    used 1962K, capacity 2108K, committed 2176K, reserved 1048576K
Event: 1.119 GC heap after
Heap after GC invocations=2 (full 0):
 PSYoungGen      total 35840K, used 5116K [0x00000000d8500000, 0x00000000dcb00000, 0x0000000100000000)
  eden space 30720K, 0% used [0x00000000d8500000,0x00000000d8500000,0x00000000da300000)
  from space 5120K, 99% used [0x00000000da800000,0x00000000dacff268,0x00000000dad00000)
  to   space 5120K, 0% used [0x00000000da300000,0x00000000da300000,0x00000000da800000)
 ParOldGen       total 81920K, used 2522K [0x0000000088e00000, 0x000000008de00000, 0x00000000d8500000)
  object space 81920K, 3% used [0x0000000088e00000,0x0000000089076ab8,0x000000008de00000)
 Metaspace       used 14825K, capacity 15444K, committed 15744K, reserved 1062912K
  class space    used 1962K, capacity 2108K, committed 2176K, reserved 1048576K
}
Event: 1.584 GC heap before
{Heap before GC invocations=3 (full 0):
 PSYoungGen      total 35840K, used 35836K [0x00000000d8500000, 0x00000000dcb00000, 0x0000000100000000)
  eden space 30720K, 100% used [0x00000000d8500000,0x00000000da300000,0x00000000da300000)
  from space 5120K, 99% used [0x00000000da800000,0x00000000dacff268,0x00000000dad00000)
  to   space 5120K, 0% used [0x00000000da300000,0x00000000da300000,0x00000000da800000)
 ParOldGen       total 81920K, used 2522K [0x0000000088e00000, 0x000000008de00000, 0x00000000d8500000)
  object space 81920K, 3% used [0x0000000088e00000,0x0000000089076ab8,0x000000008de00000)
 Metaspace       used 20246K, capacity 20892K, committed 20992K, reserved 1067008K
  class space    used 2627K, capacity 2778K, committed 2816K, reserved 1048576K
Event: 1.596 GC heap after
Heap after GC invocations=3 (full 0):
 PSYoungGen      total 35840K, used 5103K [0x00000000d8500000, 0x00000000dcb00000, 0x0000000100000000)
  eden space 30720K, 0% used [0x00000000d8500000,0x00000000d8500000,0x00000000da300000)
  from space 5120K, 99% used [0x00000000da300000,0x00000000da7fbed8,0x00000000da800000)
  to   space 5120K, 0% used [0x00000000dc600000,0x00000000dc600000,0x00000000dcb00000)
 ParOldGen       total 81920K, used 6540K [0x0000000088e00000, 0x000000008de00000, 0x00000000d8500000)
  object space 81920K, 7% used [0x0000000088e00000,0x00000000894631a0,0x000000008de00000)
 Metaspace       used 20246K, capacity 20892K, committed 20992K, reserved 1067008K
  class space    used 2627K, capacity 2778K, committed 2816K, reserved 1048576K
}
Event: 1.678 GC heap before
{Heap before GC invocations=4 (full 0):
 PSYoungGen      total 35840K, used 7830K [0x00000000d8500000, 0x00000000dcb00000, 0x0000000100000000)
  eden space 30720K, 8% used [0x00000000d8500000,0x00000000d87a9ba8,0x00000000da300000)
  from space 5120K, 99% used [0x00000000da300000,0x00000000da7fbed8,0x00000000da800000)
  to   space 5120K, 0% used [0x00000000dc600000,0x00000000dc600000,0x00000000dcb00000)
 ParOldGen       total 81920K, used 6540K [0x0000000088e00000, 0x000000008de00000, 0x00000000d8500000)
  object space 81920K, 7% used [0x0000000088e00000,0x00000000894631a0,0x000000008de00000)
 Metaspace       used 20578K, capacity 21242K, committed 21296K, reserved 1067008K
  class space    used 2673K, capacity 2837K, committed 2864K, reserved 1048576K
Event: 1.687 GC heap after
Heap after GC invocations=4 (full 0):
 PSYoungGen      total 66560K, used 5103K [0x00000000d8500000, 0x00000000dcb00000, 0x0000000100000000)
  eden space 61440K, 0% used [0x00000000d8500000,0x00000000d8500000,0x00000000dc100000)
  from space 5120K, 99% used [0x00000000dc600000,0x00000000dcafbee8,0x00000000dcb00000)
  to   space 5120K, 0% used [0x00000000dc100000,0x00000000dc100000,0x00000000dc600000)
 ParOldGen       total 81920K, used 6548K [0x0000000088e00000, 0x000000008de00000, 0x00000000d8500000)
  object space 81920K, 7% used [0x0000000088e00000,0x00000000894651a0,0x000000008de00000)
 Metaspace       used 20578K, capacity 21242K, committed 21296K, reserved 1067008K
  class space    used 2673K, capacity 2837K, committed 2864K, reserved 1048576K
}
Event: 1.687 GC heap before
{Heap before GC invocations=5 (full 1):
 PSYoungGen      total 66560K, used 5103K [0x00000000d8500000, 0x00000000dcb00000, 0x0000000100000000)
  eden space 61440K, 0% used [0x00000000d8500000,0x00000000d8500000,0x00000000dc100000)
  from space 5120K, 99% used [0x00000000dc600000,0x00000000dcafbee8,0x00000000dcb00000)
  to   space 5120K, 0% used [0x00000000dc100000,0x00000000dc100000,0x00000000dc600000)
 ParOldGen       total 81920K, used 6548K [0x0000000088e00000, 0x000000008de00000, 0x00000000d8500000)
  object space 81920K, 7% used [0x0000000088e00000,0x00000000894651a0,0x000000008de00000)
 Metaspace       used 20578K, capacity 21242K, committed 21296K, reserved 1067008K
  class space    used 2673K, capacity 2837K, committed 2864K, reserved 1048576K
Event: 1.737 GC heap after
Heap after GC invocations=5 (full 1):
 PSYoungGen      total 66560K, used 0K [0x00000000d8500000, 0x00000000dcb00000, 0x0000000100000000)
  eden space 61440K, 0% used [0x00000000d8500000,0x00000000d8500000,0x00000000dc100000)
  from space 5120K, 0% used [0x00000000dc600000,0x00000000dc600000,0x00000000dcb00000)
  to   space 5120K, 0% used [0x00000000dc100000,0x00000000dc100000,0x00000000dc600000)
 ParOldGen       total 54272K, used 4980K [0x0000000088e00000, 0x000000008c300000, 0x00000000d8500000)
  object space 54272K, 9% used [0x0000000088e00000,0x00000000892dd280,0x000000008c300000)
 Metaspace       used 20576K, capacity 21236K, committed 21296K, reserved 1067008K
  class space    used 2673K, capacity 2836K, committed 2864K, reserved 1048576K
}
Event: 2.954 GC heap before
{Heap before GC invocations=6 (full 1):
 PSYoungGen      total 66560K, used 61440K [0x00000000d8500000, 0x00000000dcb00000, 0x0000000100000000)
  eden space 61440K, 100% used [0x00000000d8500000,0x00000000dc100000,0x00000000dc100000)
  from space 5120K, 0% used [0x00000000dc600000,0x00000000dc600000,0x00000000dcb00000)
  to   space 5120K, 0% used [0x00000000dc100000,0x00000000dc100000,0x00000000dc600000)
 ParOldGen       total 54272K, used 4980K [0x0000000088e00000, 0x000000008c300000, 0x00000000d8500000)
  object space 54272K, 9% used [0x0000000088e00000,0x00000000892dd280,0x000000008c300000)
 Metaspace       used 26397K, capacity 27848K, committed 27952K, reserved 1073152K
  class space    used 3500K, capacity 3798K, committed 3888K, reserved 1048576K
Event: 2.967 GC heap after
Heap after GC invocations=6 (full 1):
 PSYoungGen      total 66560K, used 5103K [0x00000000d8500000, 0x00000000df400000, 0x0000000100000000)
  eden space 61440K, 0% used [0x00000000d8500000,0x00000000d8500000,0x00000000dc100000)
  from space 5120K, 99% used [0x00000000dc100000,0x00000000dc5fbf68,0x00000000dc600000)
  to   space 10240K, 0% used [0x00000000dea00000,0x00000000dea00000,0x00000000df400000)
 ParOldGen       total 54272K, used 8342K [0x0000000088e00000, 0x000000008c300000, 0x00000000d8500000)
  object space 54272K, 15% used [0x0000000088e00000,0x0000000089625b20,0x000000008c300000)
 Metaspace       used 26397K, capacity 27848K, committed 27952K, reserved 1073152K
  class space    used 3500K, capacity 3798K, committed 3888K, reserved 1048576K
}

Deoptimization events (10 events):
Event: 3.566 Thread 0x0000000002f54000 Uncommon trap: reason=class_check action=maybe_recompile pc=0x000000000351eb34 method=java.util.zip.InflaterInputStream.read([BII)I @ 100
Event: 3.615 Thread 0x0000000002f54000 Uncommon trap: reason=unstable_if action=reinterpret pc=0x00000000038d19b0 method=java.lang.Class$MethodArray.matchesNameAndDescriptor(Ljava/lang/reflect/Method;Ljava/lang/reflect/Method;)Z @ 33
Event: 3.797 Thread 0x0000000002f54000 Uncommon trap: reason=unstable_if action=reinterpret pc=0x000000000388ef9c method=org.springframework.boot.context.properties.source.ConfigurationPropertyName.dashIgnoringElementEquals(Lorg/springframework/boot/context/properties/source/ConfigurationPrope
Event: 3.818 Thread 0x0000000002f54000 Uncommon trap: reason=unstable_if action=reinterpret pc=0x00000000033d8410 method=org.springframework.boot.context.properties.source.ConfigurationPropertyName.equals(Ljava/lang/Object;)Z @ 8
Event: 3.819 Thread 0x0000000002f54000 Uncommon trap: reason=unstable_if action=reinterpret pc=0x00000000033d1e9c method=java.util.HashMap.getNode(ILjava/lang/Object;)Ljava/util/HashMap$Node; @ 129
Event: 3.825 Thread 0x000000001dac4000 Uncommon trap: reason=unstable_if action=reinterpret pc=0x00000000034b6654 method=java.net.URL.<init>(Ljava/net/URL;Ljava/lang/String;Ljava/net/URLStreamHandler;)V @ 57
Event: 3.825 Thread 0x000000001dac4000 Uncommon trap: reason=unstable_if action=reinterpret pc=0x00000000039413e0 method=java.net.URLStreamHandler.parseURL(Ljava/net/URL;Ljava/lang/String;II)V @ 57
Event: 3.827 Thread 0x0000000002f54000 Uncommon trap: reason=unstable_if action=reinterpret pc=0x000000000330c288 method=java.lang.AbstractStringBuilder.append(Ljava/lang/String;)Ljava/lang/AbstractStringBuilder; @ 1
Event: 3.842 Thread 0x0000000002f54000 Uncommon trap: reason=unstable_if action=reinterpret pc=0x000000000385f038 method=org.springframework.beans.factory.support.DefaultSingletonBeanRegistry.getSingleton(Ljava/lang/String;Z)Ljava/lang/Object; @ 47
Event: 3.941 Thread 0x0000000002f54000 Uncommon trap: reason=unstable_if action=reinterpret pc=0x00000000032951a0 method=java.lang.AbstractStringBuilder.append(Ljava/lang/String;)Ljava/lang/AbstractStringBuilder; @ 1

Classes redefined (0 events):
No events

Internal exceptions (10 events):
Event: 3.830 Thread 0x0000000002f54000 Exception <a 'java/lang/NullPointerException'> (0x00000000da0e56c8) thrown at [C:\workspace\8-2-build-windows-amd64-cygwin\jdk8u192\11897\hotspot\src\share\vm\runtime\sharedRuntime.cpp, line 605]
Event: 3.830 Thread 0x0000000002f54000 Implicit null exception at 0x000000000382fcfd to 0x000000000383025b
Event: 3.830 Thread 0x0000000002f54000 Exception <a 'java/lang/NullPointerException'> (0x00000000da0e6358) thrown at [C:\workspace\8-2-build-windows-amd64-cygwin\jdk8u192\11897\hotspot\src\share\vm\runtime\sharedRuntime.cpp, line 605]
Event: 3.830 Thread 0x0000000002f54000 Implicit null exception at 0x000000000382fcfd to 0x000000000383025b
Event: 3.830 Thread 0x0000000002f54000 Exception <a 'java/lang/NullPointerException'> (0x00000000da0e7000) thrown at [C:\workspace\8-2-build-windows-amd64-cygwin\jdk8u192\11897\hotspot\src\share\vm\runtime\sharedRuntime.cpp, line 605]
Event: 3.830 Thread 0x0000000002f54000 Implicit null exception at 0x000000000382fcfd to 0x000000000383025b
Event: 3.830 Thread 0x0000000002f54000 Exception <a 'java/lang/NullPointerException'> (0x00000000da0e7ca8) thrown at [C:\workspace\8-2-build-windows-amd64-cygwin\jdk8u192\11897\hotspot\src\share\vm\runtime\sharedRuntime.cpp, line 605]
Event: 3.830 Thread 0x0000000002f54000 Implicit null exception at 0x000000000382fcfd to 0x000000000383025b
Event: 3.830 Thread 0x0000000002f54000 Exception <a 'java/lang/NullPointerException'> (0x00000000da0e8900) thrown at [C:\workspace\8-2-build-windows-amd64-cygwin\jdk8u192\11897\hotspot\src\share\vm\runtime\sharedRuntime.cpp, line 605]
Event: 3.941 Thread 0x0000000002f54000 Implicit null exception at 0x0000000003294dd4 to 0x0000000003295189

Events (10 events):
Event: 3.971 loading class com/sun/org/apache/xerces/internal/dom/ElementImpl done
Event: 3.971 loading class com/sun/org/apache/xerces/internal/dom/NodeListCache
Event: 3.971 loading class com/sun/org/apache/xerces/internal/dom/NodeListCache done
Event: 3.971 loading class com/sun/org/apache/xerces/internal/dom/DeferredDocumentImpl$RefCount
Event: 3.971 loading class com/sun/org/apache/xerces/internal/dom/DeferredDocumentImpl$RefCount done
Event: 3.971 loading class com/sun/org/apache/xerces/internal/impl/XMLScanner$NameType
Event: 3.972 loading class com/sun/org/apache/xerces/internal/impl/XMLScanner$NameType done
Event: 3.972 loading class com/sun/org/apache/xerces/internal/util/URI
Event: 3.974 loading class com/sun/org/apache/xerces/internal/util/URI done
Event: 3.974 loading class com/sun/org/apache/xerces/internal/impl/dtd/DTDGrammar


Dynamic libraries:
0x00007ff60ec80000 - 0x00007ff60ecb7000 	C:\Program Files\Java\jdk1.8.0_192\bin\javaw.exe
0x00007ffd28080000 - 0x00007ffd28270000 	C:\Windows\SYSTEM32\ntdll.dll
0x00007ffd27f10000 - 0x00007ffd27fc2000 	C:\Windows\System32\KERNEL32.DLL
0x00007ffd25990000 - 0x00007ffd25c33000 	C:\Windows\System32\KERNELBASE.dll
0x00007ffd27830000 - 0x00007ffd278d3000 	C:\Windows\System32\ADVAPI32.dll
0x00007ffd269d0000 - 0x00007ffd26a6e000 	C:\Windows\System32\msvcrt.dll
0x00007ffd264c0000 - 0x00007ffd26557000 	C:\Windows\System32\sechost.dll
0x00007ffd26ed0000 - 0x00007ffd26ff0000 	C:\Windows\System32\RPCRT4.dll
0x00007ffd26d00000 - 0x00007ffd26e93000 	C:\Windows\System32\USER32.dll
0x00007ffd25960000 - 0x00007ffd25981000 	C:\Windows\System32\win32u.dll
0x00007ffd26a70000 - 0x00007ffd26a96000 	C:\Windows\System32\GDI32.dll
0x00007ffd25d40000 - 0x00007ffd25ed4000 	C:\Windows\System32\gdi32full.dll
0x00007ffd25f90000 - 0x00007ffd2602e000 	C:\Windows\System32\msvcp_win.dll
0x00007ffd25c40000 - 0x00007ffd25d3a000 	C:\Windows\System32\ucrtbase.dll
0x00007ffd0f8f0000 - 0x00007ffd0fb75000 	C:\Windows\WinSxS\amd64_microsoft.windows.common-controls_6595b64144ccf1df_6.0.18362.175_none_e6c3ab1f131014c9\COMCTL32.dll
0x00007ffd278e0000 - 0x00007ffd27c16000 	C:\Windows\System32\combase.dll
0x00007ffd26080000 - 0x00007ffd26101000 	C:\Windows\System32\bcryptPrimitives.dll
0x00007ffd27730000 - 0x00007ffd2775e000 	C:\Windows\System32\IMM32.DLL
0x00000000561e0000 - 0x00000000562b1000 	C:\Program Files\Java\jdk1.8.0_192\jre\bin\msvcr100.dll
0x0000000055930000 - 0x00000000561d3000 	C:\Program Files\Java\jdk1.8.0_192\jre\bin\server\jvm.dll
0x00007ffd26aa0000 - 0x00007ffd26aa8000 	C:\Windows\System32\PSAPI.DLL
0x00007ffd221a0000 - 0x00007ffd221c4000 	C:\Windows\SYSTEM32\WINMM.dll
0x00007ffd1fcf0000 - 0x00007ffd1fcfa000 	C:\Windows\SYSTEM32\VERSION.dll
0x00007ffd10b10000 - 0x00007ffd10b19000 	C:\Windows\SYSTEM32\WSOCK32.dll
0x00007ffd27ca0000 - 0x00007ffd27d0f000 	C:\Windows\System32\WS2_32.dll
0x00007ffd22170000 - 0x00007ffd2219d000 	C:\Windows\SYSTEM32\winmmbase.dll
0x00007ffd26030000 - 0x00007ffd2607a000 	C:\Windows\System32\cfgmgr32.dll
0x00007ffd20170000 - 0x00007ffd2017f000 	C:\Program Files\Java\jdk1.8.0_192\jre\bin\verify.dll
0x00007ffd16e00000 - 0x00007ffd16e29000 	C:\Program Files\Java\jdk1.8.0_192\jre\bin\java.dll
0x00007ffd12500000 - 0x00007ffd12516000 	C:\Program Files\Java\jdk1.8.0_192\jre\bin\zip.dll
0x00007ffd26ff0000 - 0x00007ffd276d0000 	C:\Windows\System32\SHELL32.dll
0x00007ffd26b10000 - 0x00007ffd26bb9000 	C:\Windows\System32\shcore.dll
0x00007ffd25010000 - 0x00007ffd2578b000 	C:\Windows\System32\windows.storage.dll
0x00007ffd24ff0000 - 0x00007ffd2500f000 	C:\Windows\System32\profapi.dll
0x00007ffd24f80000 - 0x00007ffd24fca000 	C:\Windows\System32\powrprof.dll
0x00007ffd24f50000 - 0x00007ffd24f60000 	C:\Windows\System32\UMPDC.dll
0x00007ffd27fd0000 - 0x00007ffd28022000 	C:\Windows\System32\shlwapi.dll
0x00007ffd24f60000 - 0x00007ffd24f71000 	C:\Windows\System32\kernel.appcore.dll
0x00007ffd257f0000 - 0x00007ffd25807000 	C:\Windows\System32\cryptsp.dll
0x00007ffd20160000 - 0x00007ffd2016d000 	C:\Program Files\Java\jdk1.8.0_192\jre\bin\management.dll
0x00007ffd124e0000 - 0x00007ffd124fa000 	C:\Program Files\Java\jdk1.8.0_192\jre\bin\net.dll
0x00007ffd24790000 - 0x00007ffd247f7000 	C:\Windows\system32\mswsock.dll
0x00007ffd133e0000 - 0x00007ffd133f6000 	C:\Windows\system32\napinsp.dll
0x00007ffd133c0000 - 0x00007ffd133da000 	C:\Windows\system32\pnrpnsp.dll
0x00007ffd24530000 - 0x00007ffd245fa000 	C:\Windows\SYSTEM32\DNSAPI.dll
0x00007ffd28030000 - 0x00007ffd28038000 	C:\Windows\System32\NSI.dll
0x00007ffd244f0000 - 0x00007ffd2452a000 	C:\Windows\SYSTEM32\IPHLPAPI.DLL
0x00007ffd11ed0000 - 0x00007ffd11ede000 	C:\Windows\System32\winrnr.dll
0x00007ffd1f520000 - 0x00007ffd1f53c000 	C:\Windows\system32\NLAapi.dll
0x00007ffd1ffe0000 - 0x00007ffd1fff5000 	C:\Windows\system32\wshbth.dll
0x00007ffd17bd0000 - 0x00007ffd17bda000 	C:\Windows\System32\rasadhlp.dll
0x00007ffd1a660000 - 0x00007ffd1a6d7000 	C:\Windows\System32\fwpuclnt.dll
0x00007ffd26110000 - 0x00007ffd26136000 	C:\Windows\System32\bcrypt.dll
0x00007ffd124c0000 - 0x00007ffd124d1000 	C:\Program Files\Java\jdk1.8.0_192\jre\bin\nio.dll
0x00007ffd24350000 - 0x00007ffd24383000 	C:\Windows\system32\rsaenh.dll
0x00007ffd24e70000 - 0x00007ffd24e95000 	C:\Windows\SYSTEM32\USERENV.dll
0x00007ffd24960000 - 0x00007ffd2496c000 	C:\Windows\SYSTEM32\CRYPTBASE.dll
0x00007ffd1c010000 - 0x00007ffd1c026000 	C:\Windows\SYSTEM32\dhcpcsvc6.DLL
0x00007ffd1c4c0000 - 0x00007ffd1c4dc000 	C:\Windows\SYSTEM32\dhcpcsvc.DLL

VM Arguments:
jvm_args: -Dfile.encoding=UTF-8 
java_command: com.example.fertilizerManage.FertilizerManageApplication
java_class_path (initial): F:\workspace\YZJW\fertilizerManage\target\classes;F:\maven\maven-repository\org\springframework\boot\spring-boot-starter\2.2.6.RELEASE\spring-boot-starter-2.2.6.RELEASE.jar;F:\maven\maven-repository\org\springframework\boot\spring-boot\2.2.6.RELEASE\spring-boot-2.2.6.RELEASE.jar;F:\maven\maven-repository\org\springframework\spring-context\5.2.5.RELEASE\spring-context-5.2.5.RELEASE.jar;F:\maven\maven-repository\org\springframework\boot\spring-boot-autoconfigure\2.2.6.RELEASE\spring-boot-autoconfigure-2.2.6.RELEASE.jar;F:\maven\maven-repository\org\springframework\boot\spring-boot-starter-logging\2.2.6.RELEASE\spring-boot-starter-logging-2.2.6.RELEASE.jar;F:\maven\maven-repository\ch\qos\logback\logback-classic\1.2.3\logback-classic-1.2.3.jar;F:\maven\maven-repository\ch\qos\logback\logback-core\1.2.3\logback-core-1.2.3.jar;F:\maven\maven-repository\org\apache\logging\log4j\log4j-to-slf4j\2.12.1\log4j-to-slf4j-2.12.1.jar;F:\maven\maven-repository\org\apache\logging\log4j\log4j-api\2.12.1\log4j-api-2.12.1.jar;F:\maven\maven-repository\org\slf4j\jul-to-slf4j\1.7.30\jul-to-slf4j-1.7.30.jar;F:\maven\maven-repository\jakarta\annotation\jakarta.annotation-api\1.3.5\jakarta.annotation-api-1.3.5.jar;F:\maven\maven-repository\org\springframework\spring-core\5.2.5.RELEASE\spring-core-5.2.5.RELEASE.jar;F:\maven\maven-repository\org\springframework\spring-jcl\5.2.5.RELEASE\spring-jcl-5.2.5.RELEASE.jar;F:\maven\maven-repository\org\yaml\snakeyaml\1.25\snakeyaml-1.25.jar;F:\maven\maven-repository\org\slf4j\slf4j-api\1.7.30\slf4j-api-1.7.30.jar;F:\maven\maven-repository\org\springframework\boot\spring-boot-starter-web\2.2.6.RELEASE\spring-boot-starter-web-2.2.6.RELEASE.jar;F:\maven\maven-repository\org\springframework\boot\spring-boot-starter-json\2.2.6.RELEASE\spring-boot-starter-json-2.2.6.RELEASE.jar;F:\maven\maven-repository\com\fasterxml\jackson\core\jackson-databind\2.10.3\jackson-databind-2.10.3.jar;F:\maven\maven-repository\com\fasterxml\jackson\
Launcher Type: SUN_STANDARD

Environment Variables:
JAVA_HOME=C:\Program Files\Java\jdk1.7.0_80
CLASSPATH=.;C:\Program Files\Java\jdk1.7.0_80\lib\dt.jar;C:\Program Files\Java\jdk1.7.0_80\lib\tools.jar;
PATH=C:/Program Files/Java/jre1.8.0_231/bin/server;C:/Program Files/Java/jre1.8.0_231/bin;C:/Program Files/Java/jre1.8.0_231/lib/amd64;F:\app\Administrator\product\11.2.0\dbhome_1\bin;C:\Program Files (x86)\Common Files\Oracle\Java\javapath;C:\Windows\system32;C:\Windows;C:\Windows\System32\Wbem;C:\Windows\System32\WindowsPowerShell\v1.0\;C:\Windows\System32\OpenSSH\;C:\Program Files\Java\jdk1.7.0_80\bin;C:\Program Files\Java\jdk1.7.0_80\jre\bin;F:\TortoiseSVN\bin;F:\maven\apache-maven-3.6.1\bin\;F:\node.js\;F:\node.js\node_global;C:\Users\Administrator\AppData\Local\Microsoft\WindowsApps;F:\node.js\node_global;;F:\vsCode\Microsoft VS Code\bin;F:\eclipse\eclipse-jee-luna-SR2-win32-x86_64;
USERNAME=Administrator
OS=Windows_NT
PROCESSOR_IDENTIFIER=Intel64 Family 6 Model 142 Stepping 9, GenuineIntel



---------------  S Y S T E M  ---------------

OS: Windows 10.0 , 64 bit Build 18362 (10.0.18362.86)

CPU:total 4 (initial active 4) (2 cores per cpu, 2 threads per core) family 6 model 142 stepping 9, cmov, cx8, fxsr, mmx, sse, sse2, sse3, ssse3, sse4.1, sse4.2, popcnt, avx, avx2, aes, clmul, erms, 3dnowpref, lzcnt, ht, tsc, tscinvbit, bmi1, bmi2, adx

Memory: 4k page, physical 7800256k(843472k free), swap 23997884k(5548k free)

vm_info: Java HotSpot(TM) 64-Bit Server VM (25.192-b12) for windows-amd64 JRE (1.8.0_192-b12), built on Oct  6 2018 17:12:23 by "java_re" with MS VC++ 10.0 (VS2010)

time: Thu Apr 23 15:19:49 2020
timezone: 中国标准时间
elapsed time: 3 seconds (0d 0h 0m 3s)

