#
# There is insufficient memory for the Java Runtime Environment to continue.
# Native memory allocation (malloc) failed to allocate 197936 bytes for Chunk::new
# Possible reasons:
#   The system is out of physical RAM or swap space
#   The process is running with CompressedOops enabled, and the Java Heap may be blocking the growth of the native heap
# Possible solutions:
#   Reduce memory load on the system
#   Increase physical memory or swap space
#   Check if swap backing store is full
#   Decrease Java heap size (-Xmx/-Xms)
#   Decrease number of Java threads
#   Decrease Java thread stack sizes (-Xss)
#   Set larger code cache with -XX:ReservedCodeCacheSize=
#   JVM is running with Unscaled Compressed Oops mode in which the Java heap is
#     placed in the first 4GB address space. The Java Heap base address is the
#     maximum limit for the native heap growth. Please use -XX:HeapBaseMinAddress
#     to set the Java Heap base and to place the Java Heap above 4GB virtual address.
# This output file may be truncated or incomplete.
#
#  Out of Memory Error (allocation.cpp:390), pid=21704, tid=0x0000000000001bf4
#
# JRE version: Java(TM) SE Runtime Environment (8.0_192-b12) (build 1.8.0_192-b12)
# Java VM: Java HotSpot(TM) 64-Bit Server VM (25.192-b12 mixed mode windows-amd64 compressed oops)
# Failed to write core dump. Minidumps are not enabled by default on client versions of Windows
#

---------------  T H R E A D  ---------------

Current thread (0x0000000018f8a000):  JavaThread "C2 CompilerThread1" daemon [_thread_in_native, id=7156, stack(0x0000000019680000,0x0000000019780000)]

Stack: [0x0000000019680000,0x0000000019780000]
[error occurred during error reporting (printing stack bounds), id 0xc0000005]

Native frames: (J=compiled Java code, j=interpreted, Vv=VM code, C=native code)


Current CompileTask:
C2:   9920 3145   !   4       org.springframework.core.annotation.AnnotationsScanner::processClassHierarchy (236 bytes)


---------------  P R O C E S S  ---------------

Java Threads: ( => current thread )
  0x000000001aa50800 JavaThread "container-0" [_thread_new, id=29252, stack(0x0000000000000000,0x0000000000000000)]
  0x000000001cb88800 JavaThread "Catalina-utility-2" [_thread_new, id=11912, stack(0x0000000000000000,0x0000000000000000)]
  0x0000000019b4f000 JavaThread "Catalina-utility-1" [_thread_new, id=21064, stack(0x0000000000000000,0x0000000000000000)]
  0x0000000019019000 JavaThread "Service Thread" daemon [_thread_blocked, id=11080, stack(0x0000000019880000,0x0000000019980000)]
  0x0000000018f9b000 JavaThread "C1 CompilerThread2" daemon [_thread_blocked, id=2068, stack(0x0000000019780000,0x0000000019880000)]
=>0x0000000018f8a000 JavaThread "C2 CompilerThread1" daemon [_thread_in_native, id=7156, stack(0x0000000019680000,0x0000000019780000)]
  0x0000000017c21800 JavaThread "C2 CompilerThread0" daemon [_thread_in_native, id=26664, stack(0x0000000019580000,0x0000000019680000)]
  0x0000000017c20000 JavaThread "Attach Listener" daemon [_thread_blocked, id=26352, stack(0x0000000019480000,0x0000000019580000)]
  0x0000000018f88800 JavaThread "Signal Dispatcher" daemon [_thread_blocked, id=13720, stack(0x0000000019380000,0x0000000019480000)]
  0x000000000351e000 JavaThread "Finalizer" daemon [_thread_blocked, id=22640, stack(0x0000000018e80000,0x0000000018f80000)]
  0x0000000003515000 JavaThread "Reference Handler" daemon [_thread_blocked, id=18412, stack(0x0000000018d80000,0x0000000018e80000)]
  0x0000000003424800 JavaThread "main" [_thread_in_native, id=7696, stack(0x0000000003320000,0x0000000003420000)]

Other Threads:
  0x0000000017bd7000 VMThread [stack: 0x0000000018c80000,0x0000000018d80000] [id=12160]
  0x000000001901c800 WatcherThread [stack: 0x0000000019980000,0x0000000019a80000] [id=6268]

VM state:not at safepoint (normal execution)

VM Mutex/Monitor currently owned by a thread: None

heap address: 0x0000000088e00000, size: 1906 MB, Compressed Oops mode: 32-bit
Narrow klass base: 0x0000000000000000, Narrow klass shift: 3
Compressed class space size: 1073741824 Address: 0x0000000100000000

Heap:
 PSYoungGen      total 127488K, used 16553K [0x00000000d8500000, 0x00000000e0e80000, 0x0000000100000000)
  eden space 117248K, 5% used [0x00000000d8500000,0x00000000d8b30a80,0x00000000df780000)
  from space 10240K, 99% used [0x00000000e0300000,0x00000000e0cf99f0,0x00000000e0d00000)
  to   space 11776K, 0% used [0x00000000df780000,0x00000000df780000,0x00000000e0300000)
 ParOldGen       total 43008K, used 9310K [0x0000000088e00000, 0x000000008b800000, 0x00000000d8500000)
  object space 43008K, 21% used [0x0000000088e00000,0x0000000089717ae8,0x000000008b800000)
 Metaspace       used 33505K, capacity 34990K, committed 35072K, reserved 1079296K
  class space    used 4297K, capacity 4597K, committed 4608K, reserved 1048576K

Card table byte_map: [0x00000000128e0000,0x0000000012ca0000] byte_map_base: 0x0000000012499000

Marking Bits: (ParMarkBitMap*) 0x0000000055e43ce0
 Begin Bits: [0x0000000013320000, 0x00000000150e8000)
 End Bits:   [0x00000000150e8000, 0x0000000016eb0000)

Polling page: 0x0000000002e90000

CodeCache: size=245760Kb used=9928Kb max_used=9952Kb free=235831Kb
 bounds [0x0000000003520000, 0x0000000003f00000, 0x0000000012520000]
 total_blobs=3374 nmethods=2966 adapters=320
 compilation: enabled

Compilation events (10 events):
Event: 9.880 Thread 0x0000000018f9b000 nmethod 3161 0x00000000037e0a90 code [0x00000000037e0c00, 0x00000000037e0e28]
Event: 9.889 Thread 0x0000000017c21800 3162       4       org.springframework.beans.factory.support.AbstractBeanFactory::isFactoryBean (65 bytes)
Event: 9.907 Thread 0x0000000018f9b000 3163  s    3       java.io.BufferedOutputStream::flush (12 bytes)
Event: 9.907 Thread 0x0000000018f9b000 nmethod 3163 0x00000000036a34d0 code [0x00000000036a3660, 0x00000000036a3b58]
Event: 9.909 Thread 0x0000000018f9b000 3164       3       java.util.ArrayList::addAll (54 bytes)
Event: 9.910 Thread 0x0000000018f9b000 nmethod 3164 0x0000000003768850 code [0x0000000003768a00, 0x00000000037690e8]
Event: 9.910 Thread 0x0000000018f9b000 3165       1       org.springframework.core.annotation.AnnotationTypeMapping::getSource (5 bytes)
Event: 9.910 Thread 0x0000000018f9b000 nmethod 3165 0x00000000039db8d0 code [0x00000000039dba20, 0x00000000039dbb30]
Event: 9.911 Thread 0x0000000018f9b000 3166       3       java.util.ArrayDeque::<init> (14 bytes)
Event: 9.911 Thread 0x0000000018f9b000 nmethod 3166 0x0000000003768250 code [0x00000000037683c0, 0x0000000003768670]

GC Heap History (10 events):
Event: 3.712 GC heap before
{Heap before GC invocations=3 (full 0):
 PSYoungGen      total 35840K, used 35809K [0x00000000d8500000, 0x00000000dcb00000, 0x0000000100000000)
  eden space 30720K, 100% used [0x00000000d8500000,0x00000000da300000,0x00000000da300000)
  from space 5120K, 99% used [0x00000000da800000,0x00000000dacf8698,0x00000000dad00000)
  to   space 5120K, 0% used [0x00000000da300000,0x00000000da300000,0x00000000da800000)
 ParOldGen       total 81920K, used 2694K [0x0000000088e00000, 0x000000008de00000, 0x00000000d8500000)
  object space 81920K, 3% used [0x0000000088e00000,0x00000000890a1b50,0x000000008de00000)
 Metaspace       used 20470K, capacity 21086K, committed 21248K, reserved 1067008K
  class space    used 2560K, capacity 2705K, committed 2816K, reserved 1048576K
Event: 3.724 GC heap after
Heap after GC invocations=3 (full 0):
 PSYoungGen      total 35840K, used 5098K [0x00000000d8500000, 0x00000000dcb00000, 0x0000000100000000)
  eden space 30720K, 0% used [0x00000000d8500000,0x00000000d8500000,0x00000000da300000)
  from space 5120K, 99% used [0x00000000da300000,0x00000000da7faab8,0x00000000da800000)
  to   space 5120K, 0% used [0x00000000dc600000,0x00000000dc600000,0x00000000dcb00000)
 ParOldGen       total 81920K, used 6794K [0x0000000088e00000, 0x000000008de00000, 0x00000000d8500000)
  object space 81920K, 8% used [0x0000000088e00000,0x00000000894a2998,0x000000008de00000)
 Metaspace       used 20470K, capacity 21086K, committed 21248K, reserved 1067008K
  class space    used 2560K, capacity 2705K, committed 2816K, reserved 1048576K
}
Event: 3.729 GC heap before
{Heap before GC invocations=4 (full 0):
 PSYoungGen      total 35840K, used 5836K [0x00000000d8500000, 0x00000000dcb00000, 0x0000000100000000)
  eden space 30720K, 2% used [0x00000000d8500000,0x00000000d85b8888,0x00000000da300000)
  from space 5120K, 99% used [0x00000000da300000,0x00000000da7faab8,0x00000000da800000)
  to   space 5120K, 0% used [0x00000000dc600000,0x00000000dc600000,0x00000000dcb00000)
 ParOldGen       total 81920K, used 6794K [0x0000000088e00000, 0x000000008de00000, 0x00000000d8500000)
  object space 81920K, 8% used [0x0000000088e00000,0x00000000894a2998,0x000000008de00000)
 Metaspace       used 20532K, capacity 21086K, committed 21248K, reserved 1067008K
  class space    used 2575K, capacity 2705K, committed 2816K, reserved 1048576K
Event: 3.739 GC heap after
Heap after GC invocations=4 (full 0):
 PSYoungGen      total 66560K, used 5112K [0x00000000d8500000, 0x00000000dcb00000, 0x0000000100000000)
  eden space 61440K, 0% used [0x00000000d8500000,0x00000000d8500000,0x00000000dc100000)
  from space 5120K, 99% used [0x00000000dc600000,0x00000000dcafe010,0x00000000dcb00000)
  to   space 5120K, 0% used [0x00000000dc100000,0x00000000dc100000,0x00000000dc600000)
 ParOldGen       total 81920K, used 6866K [0x0000000088e00000, 0x000000008de00000, 0x00000000d8500000)
  object space 81920K, 8% used [0x0000000088e00000,0x00000000894b4998,0x000000008de00000)
 Metaspace       used 20532K, capacity 21086K, committed 21248K, reserved 1067008K
  class space    used 2575K, capacity 2705K, committed 2816K, reserved 1048576K
}
Event: 3.739 GC heap before
{Heap before GC invocations=5 (full 1):
 PSYoungGen      total 66560K, used 5112K [0x00000000d8500000, 0x00000000dcb00000, 0x0000000100000000)
  eden space 61440K, 0% used [0x00000000d8500000,0x00000000d8500000,0x00000000dc100000)
  from space 5120K, 99% used [0x00000000dc600000,0x00000000dcafe010,0x00000000dcb00000)
  to   space 5120K, 0% used [0x00000000dc100000,0x00000000dc100000,0x00000000dc600000)
 ParOldGen       total 81920K, used 6866K [0x0000000088e00000, 0x000000008de00000, 0x00000000d8500000)
  object space 81920K, 8% used [0x0000000088e00000,0x00000000894b4998,0x000000008de00000)
 Metaspace       used 20532K, capacity 21086K, committed 21248K, reserved 1067008K
  class space    used 2575K, capacity 2705K, committed 2816K, reserved 1048576K
Event: 3.784 GC heap after
Heap after GC invocations=5 (full 1):
 PSYoungGen      total 66560K, used 0K [0x00000000d8500000, 0x00000000dcb00000, 0x0000000100000000)
  eden space 61440K, 0% used [0x00000000d8500000,0x00000000d8500000,0x00000000dc100000)
  from space 5120K, 0% used [0x00000000dc600000,0x00000000dc600000,0x00000000dcb00000)
  to   space 5120K, 0% used [0x00000000dc100000,0x00000000dc100000,0x00000000dc600000)
 ParOldGen       total 43008K, used 5307K [0x0000000088e00000, 0x000000008b800000, 0x00000000d8500000)
  object space 43008K, 12% used [0x0000000088e00000,0x000000008932ed68,0x000000008b800000)
 Metaspace       used 20530K, capacity 21080K, committed 21248K, reserved 1067008K
  class space    used 2574K, capacity 2704K, committed 2816K, reserved 1048576K
}
Event: 5.909 GC heap before
{Heap before GC invocations=6 (full 1):
 PSYoungGen      total 66560K, used 61440K [0x00000000d8500000, 0x00000000dcb00000, 0x0000000100000000)
  eden space 61440K, 100% used [0x00000000d8500000,0x00000000dc100000,0x00000000dc100000)
  from space 5120K, 0% used [0x00000000dc600000,0x00000000dc600000,0x00000000dcb00000)
  to   space 5120K, 0% used [0x00000000dc100000,0x00000000dc100000,0x00000000dc600000)
 ParOldGen       total 43008K, used 5307K [0x0000000088e00000, 0x000000008b800000, 0x00000000d8500000)
  object space 43008K, 12% used [0x0000000088e00000,0x000000008932ed68,0x000000008b800000)
 Metaspace       used 26476K, capacity 27402K, committed 27776K, reserved 1073152K
  class space    used 3371K, capacity 3589K, committed 3712K, reserved 1048576K
Event: 5.919 GC heap after
Heap after GC invocations=6 (full 1):
 PSYoungGen      total 66560K, used 5094K [0x00000000d8500000, 0x00000000e0d00000, 0x0000000100000000)
  eden space 61440K, 0% used [0x00000000d8500000,0x00000000d8500000,0x00000000dc100000)
  from space 5120K, 99% used [0x00000000dc100000,0x00000000dc5f9a08,0x00000000dc600000)
  to   space 10240K, 0% used [0x00000000e0300000,0x00000000e0300000,0x00000000e0d00000)
 ParOldGen       total 43008K, used 8779K [0x0000000088e00000, 0x000000008b800000, 0x00000000d8500000)
  object space 43008K, 20% used [0x0000000088e00000,0x0000000089692f38,0x000000008b800000)
 Metaspace       used 26476K, capacity 27402K, committed 27776K, reserved 1073152K
  class space    used 3371K, capacity 3589K, committed 3712K, reserved 1048576K
}
Event: 9.684 GC heap before
{Heap before GC invocations=7 (full 1):
 PSYoungGen      total 66560K, used 66534K [0x00000000d8500000, 0x00000000e0d00000, 0x0000000100000000)
  eden space 61440K, 100% used [0x00000000d8500000,0x00000000dc100000,0x00000000dc100000)
  from space 5120K, 99% used [0x00000000dc100000,0x00000000dc5f9a08,0x00000000dc600000)
  to   space 10240K, 0% used [0x00000000e0300000,0x00000000e0300000,0x00000000e0d00000)
 ParOldGen       total 43008K, used 8779K [0x0000000088e00000, 0x000000008b800000, 0x00000000d8500000)
  object space 43008K, 20% used [0x0000000088e00000,0x0000000089692f38,0x000000008b800000)
 Metaspace       used 33100K, capacity 34588K, committed 34816K, reserved 1079296K
  class space    used 4235K, capacity 4526K, committed 4608K, reserved 1048576K
Event: 9.702 GC heap after
Heap after GC invocations=7 (full 1):
 PSYoungGen      total 127488K, used 10214K [0x00000000d8500000, 0x00000000e0e80000, 0x0000000100000000)
  eden space 117248K, 0% used [0x00000000d8500000,0x00000000d8500000,0x00000000df780000)
  from space 10240K, 99% used [0x00000000e0300000,0x00000000e0cf99f0,0x00000000e0d00000)
  to   space 11776K, 0% used [0x00000000df780000,0x00000000df780000,0x00000000e0300000)
 ParOldGen       total 43008K, used 9310K [0x0000000088e00000, 0x000000008b800000, 0x00000000d8500000)
  object space 43008K, 21% used [0x0000000088e00000,0x0000000089717ae8,0x000000008b800000)
 Metaspace       used 33100K, capacity 34588K, committed 34816K, reserved 1079296K
  class space    used 4235K, capacity 4526K, committed 4608K, reserved 1048576K
}

Deoptimization events (10 events):
Event: 7.560 Thread 0x0000000003424800 Uncommon trap: reason=unstable_if action=reinterpret pc=0x0000000003e21440 method=org.springframework.boot.context.properties.source.ConfigurationPropertyName$Elements.getLength(I)I @ 13
Event: 7.827 Thread 0x0000000003424800 Uncommon trap: reason=unstable_if action=reinterpret pc=0x0000000003df0788 method=java.util.Properties$LineReader.readLine()I @ 200
Event: 7.866 Thread 0x0000000003424800 Uncommon trap: reason=unstable_if action=reinterpret pc=0x0000000003dde34c method=java.util.concurrent.ConcurrentHashMap.get(Ljava/lang/Object;)Ljava/lang/Object; @ 152
Event: 8.068 Thread 0x0000000003424800 Uncommon trap: reason=unstable_if action=reinterpret pc=0x0000000003cb1cc0 method=java.util.LinkedHashMap.get(Ljava/lang/Object;)Ljava/lang/Object; @ 20
Event: 8.082 Thread 0x0000000003424800 Uncommon trap: reason=unstable_if action=reinterpret pc=0x0000000003de5360 method=java.util.Properties.loadConvert([CII[C)Ljava/lang/String; @ 57
Event: 9.230 Thread 0x0000000003424800 Uncommon trap: reason=class_check action=maybe_recompile pc=0x00000000039d9ef4 method=java.util.zip.InflaterInputStream.read([BII)I @ 100
Event: 9.233 Thread 0x0000000003424800 Uncommon trap: reason=class_check action=maybe_recompile pc=0x00000000039d9ef4 method=java.util.zip.InflaterInputStream.read([BII)I @ 100
Event: 9.236 Thread 0x0000000003424800 Uncommon trap: reason=class_check action=maybe_recompile pc=0x00000000039d9ef4 method=java.util.zip.InflaterInputStream.read([BII)I @ 100
Event: 9.238 Thread 0x0000000003424800 Uncommon trap: reason=class_check action=maybe_recompile pc=0x00000000039d9ef4 method=java.util.zip.InflaterInputStream.read([BII)I @ 100
Event: 9.908 Thread 0x0000000003424800 Uncommon trap: reason=unloaded action=reinterpret pc=0x00000000039494bc method=java.lang.Class.createAnnotationData(I)Ljava/lang/Class$AnnotationData; @ 98

Classes redefined (0 events):
No events

Internal exceptions (10 events):
Event: 7.141 Thread 0x0000000003424800 Exception <a 'java/lang/ClassNotFoundException': org/springframework/transaction/annotation/AbstractTransactionManagementConfigurationCustomizer> (0x00000000da078280) thrown at [C:\workspace\8-2-build-windows-amd64-cygwin\jdk8u192\11897\hotspot\src\share\
Event: 7.143 Thread 0x0000000003424800 Exception <a 'java/lang/ClassNotFoundException': org/springframework/transaction/annotation/ProxyTransactionManagementConfigurationCustomizer> (0x00000000da093f68) thrown at [C:\workspace\8-2-build-windows-amd64-cygwin\jdk8u192\11897\hotspot\src\share\vm\
Event: 7.171 Thread 0x0000000003424800 Exception <a 'java/lang/ClassNotFoundException': org/springframework/context/annotation/ImportAwareCustomizer> (0x00000000da0ab360) thrown at [C:\workspace\8-2-build-windows-amd64-cygwin\jdk8u192\11897\hotspot\src\share\vm\classfile\systemDictionary.cpp, 
Event: 7.173 Thread 0x0000000003424800 Exception <a 'java/lang/ClassNotFoundException': org/springframework/beans/factory/AwareCustomizer> (0x00000000da0bc910) thrown at [C:\workspace\8-2-build-windows-amd64-cygwin\jdk8u192\11897\hotspot\src\share\vm\classfile\systemDictionary.cpp, line 210]
Event: 7.174 Thread 0x0000000003424800 Implicit null exception at 0x00000000039b310c to 0x00000000039b3181
Event: 7.474 Thread 0x0000000003424800 Implicit null exception at 0x0000000003de7faf to 0x0000000003de80d5
Event: 7.560 Thread 0x0000000003424800 Implicit null exception at 0x0000000003e21394 to 0x0000000003e2142d
Event: 7.739 Thread 0x0000000003424800 Exception <a 'java/lang/NoSuchMethodError': java.lang.Object.lambda$and$0(Ljava/util/function/Predicate;Ljava/lang/Object;)Z> (0x00000000da709278) thrown at [C:\workspace\8-2-build-windows-amd64-cygwin\jdk8u192\11897\hotspot\src\share\vm\interpreter\linkR
Event: 9.450 Thread 0x0000000003424800 Exception <a 'java/io/FileNotFoundException'> (0x00000000dbf7fc08) thrown at [C:\workspace\8-2-build-windows-amd64-cygwin\jdk8u192\11897\hotspot\src\share\vm\prims\jni.cpp, line 709]
Event: 9.845 Thread 0x0000000003424800 Exception <a 'java/io/FileNotFoundException'> (0x00000000d8a60a20) thrown at [C:\workspace\8-2-build-windows-amd64-cygwin\jdk8u192\11897\hotspot\src\share\vm\prims\jni.cpp, line 709]

Events (10 events):
Event: 9.883 loading class org/apache/naming/ContextAccessController
Event: 9.883 loading class org/apache/naming/ContextAccessController done
Event: 9.885 Thread 0x000000001aa50800 Thread added: 0x000000001aa50800
Event: 9.888 loading class org/springframework/context/weaving/LoadTimeWeaverAware
Event: 9.888 loading class org/springframework/context/weaving/LoadTimeWeaverAware done
Event: 9.908 Thread 0x0000000003424800 Uncommon trap: trap_request=0x000001f0 fr.pc=0x00000000039494bc
Event: 9.908 Thread 0x0000000003424800 DEOPT PACKING pc=0x00000000039494bc sp=0x000000000341e6f0
Event: 9.908 Thread 0x0000000003424800 DEOPT UNPACKING pc=0x000000000356583b sp=0x000000000341e618 mode 2
Event: 9.912 loading class org/springframework/beans/factory/SmartFactoryBean
Event: 9.912 loading class org/springframework/beans/factory/SmartFactoryBean done


Dynamic libraries:
0x00007ff726670000 - 0x00007ff7266a7000 	C:\Program Files\Java\jdk1.8.0_192\bin\javaw.exe
0x00007ffd28080000 - 0x00007ffd28270000 	C:\Windows\SYSTEM32\ntdll.dll
0x00007ffd27f10000 - 0x00007ffd27fc2000 	C:\Windows\System32\KERNEL32.DLL
0x00007ffd25990000 - 0x00007ffd25c33000 	C:\Windows\System32\KERNELBASE.dll
0x00007ffd27830000 - 0x00007ffd278d3000 	C:\Windows\System32\ADVAPI32.dll
0x00007ffd269d0000 - 0x00007ffd26a6e000 	C:\Windows\System32\msvcrt.dll
0x00007ffd264c0000 - 0x00007ffd26557000 	C:\Windows\System32\sechost.dll
0x00007ffd26ed0000 - 0x00007ffd26ff0000 	C:\Windows\System32\RPCRT4.dll
0x00007ffd26d00000 - 0x00007ffd26e93000 	C:\Windows\System32\USER32.dll
0x00007ffd25960000 - 0x00007ffd25981000 	C:\Windows\System32\win32u.dll
0x00007ffd26a70000 - 0x00007ffd26a96000 	C:\Windows\System32\GDI32.dll
0x00007ffd25d40000 - 0x00007ffd25ed4000 	C:\Windows\System32\gdi32full.dll
0x00007ffd25f90000 - 0x00007ffd2602e000 	C:\Windows\System32\msvcp_win.dll
0x00007ffd25c40000 - 0x00007ffd25d3a000 	C:\Windows\System32\ucrtbase.dll
0x00007ffd0f8f0000 - 0x00007ffd0fb75000 	C:\Windows\WinSxS\amd64_microsoft.windows.common-controls_6595b64144ccf1df_6.0.18362.175_none_e6c3ab1f131014c9\COMCTL32.dll
0x00007ffd278e0000 - 0x00007ffd27c16000 	C:\Windows\System32\combase.dll
0x00007ffd26080000 - 0x00007ffd26101000 	C:\Windows\System32\bcryptPrimitives.dll
0x00007ffd27730000 - 0x00007ffd2775e000 	C:\Windows\System32\IMM32.DLL
0x00000000561f0000 - 0x00000000562c1000 	C:\Program Files\Java\jdk1.8.0_192\jre\bin\msvcr100.dll
0x0000000055620000 - 0x0000000055ec3000 	C:\Program Files\Java\jdk1.8.0_192\jre\bin\server\jvm.dll
0x00007ffd26aa0000 - 0x00007ffd26aa8000 	C:\Windows\System32\PSAPI.DLL
0x00007ffd10b10000 - 0x00007ffd10b19000 	C:\Windows\SYSTEM32\WSOCK32.dll
0x00007ffd27ca0000 - 0x00007ffd27d0f000 	C:\Windows\System32\WS2_32.dll
0x00007ffd221a0000 - 0x00007ffd221c4000 	C:\Windows\SYSTEM32\WINMM.dll
0x00007ffd1fcf0000 - 0x00007ffd1fcfa000 	C:\Windows\SYSTEM32\VERSION.dll
0x00007ffd22170000 - 0x00007ffd2219d000 	C:\Windows\SYSTEM32\WINMMBASE.dll
0x00007ffd26030000 - 0x00007ffd2607a000 	C:\Windows\System32\cfgmgr32.dll
0x00007ffd173c0000 - 0x00007ffd173cf000 	C:\Program Files\Java\jdk1.8.0_192\jre\bin\verify.dll
0x00007ffd10580000 - 0x00007ffd105a9000 	C:\Program Files\Java\jdk1.8.0_192\jre\bin\java.dll
0x00007ffd10510000 - 0x00007ffd10526000 	C:\Program Files\Java\jdk1.8.0_192\jre\bin\zip.dll
0x00007ffd26ff0000 - 0x00007ffd276d0000 	C:\Windows\System32\SHELL32.dll
0x00007ffd26b10000 - 0x00007ffd26bb9000 	C:\Windows\System32\shcore.dll
0x00007ffd25010000 - 0x00007ffd2578b000 	C:\Windows\System32\windows.storage.dll
0x00007ffd24ff0000 - 0x00007ffd2500f000 	C:\Windows\System32\profapi.dll
0x00007ffd24f80000 - 0x00007ffd24fca000 	C:\Windows\System32\powrprof.dll
0x00007ffd24f50000 - 0x00007ffd24f60000 	C:\Windows\System32\UMPDC.dll
0x00007ffd27fd0000 - 0x00007ffd28022000 	C:\Windows\System32\shlwapi.dll
0x00007ffd24f60000 - 0x00007ffd24f71000 	C:\Windows\System32\kernel.appcore.dll
0x00007ffd257f0000 - 0x00007ffd25807000 	C:\Windows\System32\cryptsp.dll
0x00007ffd16f00000 - 0x00007ffd16f0d000 	C:\Program Files\Java\jdk1.8.0_192\jre\bin\management.dll
0x00007ffd10010000 - 0x00007ffd1002a000 	C:\Program Files\Java\jdk1.8.0_192\jre\bin\net.dll
0x00007ffd24790000 - 0x00007ffd247f7000 	C:\Windows\system32\mswsock.dll
0x00007ffd133e0000 - 0x00007ffd133f6000 	C:\Windows\system32\napinsp.dll
0x00007ffd133c0000 - 0x00007ffd133da000 	C:\Windows\system32\pnrpnsp.dll
0x00007ffd24530000 - 0x00007ffd245fa000 	C:\Windows\SYSTEM32\DNSAPI.dll
0x00007ffd28030000 - 0x00007ffd28038000 	C:\Windows\System32\NSI.dll
0x00007ffd244f0000 - 0x00007ffd2452a000 	C:\Windows\SYSTEM32\IPHLPAPI.DLL
0x00007ffd11ed0000 - 0x00007ffd11ede000 	C:\Windows\System32\winrnr.dll
0x00007ffd1f520000 - 0x00007ffd1f53c000 	C:\Windows\system32\NLAapi.dll
0x00007ffd1ffe0000 - 0x00007ffd1fff5000 	C:\Windows\system32\wshbth.dll
0x00007ffd17bd0000 - 0x00007ffd17bda000 	C:\Windows\System32\rasadhlp.dll
0x00007ffd1a660000 - 0x00007ffd1a6d7000 	C:\Windows\System32\fwpuclnt.dll
0x00007ffd26110000 - 0x00007ffd26136000 	C:\Windows\System32\bcrypt.dll
0x00007ffd0fff0000 - 0x00007ffd10001000 	C:\Program Files\Java\jdk1.8.0_192\jre\bin\nio.dll
0x00007ffd24350000 - 0x00007ffd24383000 	C:\Windows\system32\rsaenh.dll
0x00007ffd24e70000 - 0x00007ffd24e95000 	C:\Windows\SYSTEM32\USERENV.dll
0x00007ffd24960000 - 0x00007ffd2496c000 	C:\Windows\SYSTEM32\CRYPTBASE.dll
0x00007ffd1c010000 - 0x00007ffd1c026000 	C:\Windows\SYSTEM32\dhcpcsvc6.DLL
0x00007ffd1c4c0000 - 0x00007ffd1c4dc000 	C:\Windows\SYSTEM32\dhcpcsvc.DLL

VM Arguments:
jvm_args: -Dfile.encoding=UTF-8 
java_command: com.example.fertilizerManage.FertilizerManageApplication
java_class_path (initial): F:\workspace\YZJW\fertilizerManage\target\classes;F:\maven\maven-repository\org\springframework\boot\spring-boot-starter\2.2.6.RELEASE\spring-boot-starter-2.2.6.RELEASE.jar;F:\maven\maven-repository\org\springframework\boot\spring-boot\2.2.6.RELEASE\spring-boot-2.2.6.RELEASE.jar;F:\maven\maven-repository\org\springframework\boot\spring-boot-autoconfigure\2.2.6.RELEASE\spring-boot-autoconfigure-2.2.6.RELEASE.jar;F:\maven\maven-repository\org\springframework\boot\spring-boot-starter-logging\2.2.6.RELEASE\spring-boot-starter-logging-2.2.6.RELEASE.jar;F:\maven\maven-repository\ch\qos\logback\logback-classic\1.2.3\logback-classic-1.2.3.jar;F:\maven\maven-repository\ch\qos\logback\logback-core\1.2.3\logback-core-1.2.3.jar;F:\maven\maven-repository\org\apache\logging\log4j\log4j-to-slf4j\2.12.1\log4j-to-slf4j-2.12.1.jar;F:\maven\maven-repository\org\apache\logging\log4j\log4j-api\2.12.1\log4j-api-2.12.1.jar;F:\maven\maven-repository\org\slf4j\jul-to-slf4j\1.7.30\jul-to-slf4j-1.7.30.jar;F:\maven\maven-repository\jakarta\annotation\jakarta.annotation-api\1.3.5\jakarta.annotation-api-1.3.5.jar;F:\maven\maven-repository\org\springframework\spring-core\5.2.5.RELEASE\spring-core-5.2.5.RELEASE.jar;F:\maven\maven-repository\org\springframework\spring-jcl\5.2.5.RELEASE\spring-jcl-5.2.5.RELEASE.jar;F:\maven\maven-repository\org\yaml\snakeyaml\1.25\snakeyaml-1.25.jar;F:\maven\maven-repository\org\slf4j\slf4j-api\1.7.30\slf4j-api-1.7.30.jar;F:\maven\maven-repository\org\springframework\boot\spring-boot-starter-web\2.2.6.RELEASE\spring-boot-starter-web-2.2.6.RELEASE.jar;F:\maven\maven-repository\org\springframework\boot\spring-boot-starter-json\2.2.6.RELEASE\spring-boot-starter-json-2.2.6.RELEASE.jar;F:\maven\maven-repository\com\fasterxml\jackson\core\jackson-databind\2.10.3\jackson-databind-2.10.3.jar;F:\maven\maven-repository\com\fasterxml\jackson\core\jackson-annotations\2.10.3\jackson-annotations-2.10.3.jar;F:\maven\maven-repository\com\fasterxml\jacks
Launcher Type: SUN_STANDARD

Environment Variables:
JAVA_HOME=C:\Program Files\Java\jdk1.7.0_80
CLASSPATH=.;C:\Program Files\Java\jdk1.7.0_80\lib\dt.jar;C:\Program Files\Java\jdk1.7.0_80\lib\tools.jar;
PATH=C:/Program Files/Java/jre1.8.0_251/bin/server;C:/Program Files/Java/jre1.8.0_251/bin;C:/Program Files/Java/jre1.8.0_251/lib/amd64;F:\app\Administrator\product\11.2.0\dbhome_1\bin;C:\Program Files (x86)\Common Files\Oracle\Java\javapath;C:\Windows\system32;C:\Windows;C:\Windows\System32\Wbem;C:\Windows\System32\WindowsPowerShell\v1.0\;C:\Windows\System32\OpenSSH\;C:\Program Files\Java\jdk1.7.0_80\bin;C:\Program Files\Java\jdk1.7.0_80\jre\bin;F:\TortoiseSVN\bin;F:\maven\apache-maven-3.6.1\bin\;F:\node.js\;F:\node.js\node_global;C:\Users\Administrator\AppData\Local\Microsoft\WindowsApps;F:\node.js\node_global;;F:\vsCode\Microsoft VS Code\bin;F:\eclipse\eclipse-jee-luna-SR2-win32-x86_64;
USERNAME=Administrator
OS=Windows_NT
PROCESSOR_IDENTIFIER=Intel64 Family 6 Model 142 Stepping 9, GenuineIntel



---------------  S Y S T E M  ---------------

OS: Windows 10.0 , 64 bit Build 18362 (10.0.18362.86)

CPU:total 4 (initial active 4) (2 cores per cpu, 2 threads per core) family 6 model 142 stepping 9, cmov, cx8, fxsr, mmx, sse, sse2, sse3, ssse3, sse4.1, sse4.2, popcnt, avx, avx2, aes, clmul, erms, 3dnowpref, lzcnt, ht, tsc, tscinvbit, bmi1, bmi2, adx

Memory: 4k page, physical 7800256k(792436k free), swap 23997884k(2376k free)

vm_info: Java HotSpot(TM) 64-Bit Server VM (25.192-b12) for windows-amd64 JRE (1.8.0_192-b12), built on Oct  6 2018 17:12:23 by "java_re" with MS VC++ 10.0 (VS2010)

time: Fri May 08 11:00:00 2020
timezone: 中国标准时间
elapsed time: 9 seconds (0d 0h 0m 9s)

