#
# There is insufficient memory for the Java Runtime Environment to continue.
# Native memory allocation (malloc) failed to allocate 2148496 bytes for Chunk::new
# Possible reasons:
#   The system is out of physical RAM or swap space
#   The process is running with CompressedOops enabled, and the Java Heap may be blocking the growth of the native heap
# Possible solutions:
#   Reduce memory load on the system
#   Increase physical memory or swap space
#   Check if swap backing store is full
#   Decrease Java heap size (-Xmx/-Xms)
#   Decrease number of Java threads
#   Decrease Java thread stack sizes (-Xss)
#   Set larger code cache with -XX:ReservedCodeCacheSize=
#   JVM is running with Unscaled Compressed Oops mode in which the Java heap is
#     placed in the first 4GB address space. The Java Heap base address is the
#     maximum limit for the native heap growth. Please use -XX:HeapBaseMinAddress
#     to set the Java Heap base and to place the Java Heap above 4GB virtual address.
# This output file may be truncated or incomplete.
#
#  Out of Memory Error (allocation.cpp:390), pid=28016, tid=0x0000000000005d94
#
# JRE version: Java(TM) SE Runtime Environment (8.0_192-b12) (build 1.8.0_192-b12)
# Java VM: Java HotSpot(TM) 64-Bit Server VM (25.192-b12 mixed mode windows-amd64 compressed oops)
# Failed to write core dump. Minidumps are not enabled by default on client versions of Windows
#

---------------  T H R E A D  ---------------

Current thread (0x000000001865a800):  JavaThread "C2 CompilerThread0" daemon [_thread_in_native, id=23956, stack(0x0000000018c50000,0x0000000018d50000)]

Stack: [0x0000000018c50000,0x0000000018d50000]
[error occurred during error reporting (printing stack bounds), id 0xc0000005]

Native frames: (J=compiled Java code, j=interpreted, Vv=VM code, C=native code)


Current CompileTask:
C2:   3902 1768       4       java.net.URLClassLoader$1::run (5 bytes)


---------------  P R O C E S S  ---------------

Java Threads: ( => current thread )
  0x00000000186eb000 JavaThread "Service Thread" daemon [_thread_blocked, id=28444, stack(0x0000000018f50000,0x0000000019050000)]
  0x000000001866b800 JavaThread "C1 CompilerThread2" daemon [_thread_blocked, id=23708, stack(0x0000000018e50000,0x0000000018f50000)]
  0x000000001865f800 JavaThread "C2 CompilerThread1" daemon [_thread_in_native, id=16272, stack(0x0000000018d50000,0x0000000018e50000)]
=>0x000000001865a800 JavaThread "C2 CompilerThread0" daemon [_thread_in_native, id=23956, stack(0x0000000018c50000,0x0000000018d50000)]
  0x000000001734e800 JavaThread "Attach Listener" daemon [_thread_blocked, id=13152, stack(0x0000000018b50000,0x0000000018c50000)]
  0x0000000017303000 JavaThread "Signal Dispatcher" daemon [_thread_blocked, id=24444, stack(0x0000000018a50000,0x0000000018b50000)]
  0x0000000002bfe000 JavaThread "Finalizer" daemon [_thread_blocked, id=4080, stack(0x0000000018550000,0x0000000018650000)]
  0x0000000002bf5000 JavaThread "Reference Handler" daemon [_thread_blocked, id=6572, stack(0x0000000018450000,0x0000000018550000)]
  0x0000000002b04800 JavaThread "main" [_thread_in_Java, id=11252, stack(0x0000000002610000,0x0000000002710000)]

Other Threads:
  0x00000000172b7000 VMThread [stack: 0x0000000018350000,0x0000000018450000] [id=23480]
  0x0000000018705000 WatcherThread [stack: 0x0000000019050000,0x0000000019150000] [id=13596]

VM state:not at safepoint (normal execution)

VM Mutex/Monitor currently owned by a thread: None

heap address: 0x0000000088e00000, size: 1906 MB, Compressed Oops mode: 32-bit
Narrow klass base: 0x0000000000000000, Narrow klass shift: 3
Compressed class space size: 1073741824 Address: 0x0000000100000000

Heap:
 PSYoungGen      total 66560K, used 40468K [0x00000000d8500000, 0x00000000dcb00000, 0x0000000100000000)
  eden space 61440K, 65% used [0x00000000d8500000,0x00000000dac853a8,0x00000000dc100000)
  from space 5120K, 0% used [0x00000000dc600000,0x00000000dc600000,0x00000000dcb00000)
  to   space 5120K, 0% used [0x00000000dc100000,0x00000000dc100000,0x00000000dc600000)
 ParOldGen       total 44544K, used 5553K [0x0000000088e00000, 0x000000008b980000, 0x00000000d8500000)
  object space 44544K, 12% used [0x0000000088e00000,0x000000008936c410,0x000000008b980000)
 Metaspace       used 25182K, capacity 25954K, committed 26240K, reserved 1073152K
  class space    used 3211K, capacity 3415K, committed 3456K, reserved 1048576K

Card table byte_map: [0x0000000011fc0000,0x0000000012380000] byte_map_base: 0x0000000011b79000

Marking Bits: (ParMarkBitMap*) 0x0000000055e43ce0
 Begin Bits: [0x0000000012a00000, 0x00000000147c8000)
 End Bits:   [0x00000000147c8000, 0x0000000016590000)

Polling page: 0x0000000000d10000

CodeCache: size=245760Kb used=6047Kb max_used=6047Kb free=239712Kb
 bounds [0x0000000002c00000, 0x00000000031f0000, 0x0000000011c00000]
 total_blobs=2288 nmethods=1908 adapters=292
 compilation: enabled

Compilation events (10 events):
Event: 3.894 Thread 0x000000001866b800 1911       1       java.util.stream.Collectors$CollectorImpl::combiner (5 bytes)
Event: 3.894 Thread 0x000000001866b800 nmethod 1911 0x00000000031e7f10 code [0x00000000031e8060, 0x00000000031e8170]
Event: 3.894 Thread 0x000000001866b800 1912       3       org.springframework.core.type.AnnotatedTypeMetadata::getAnnotationAttributes (40 bytes)
Event: 3.895 Thread 0x000000001866b800 nmethod 1912 0x00000000031e81d0 code [0x00000000031e83e0, 0x00000000031e8e58]
Event: 3.898 Thread 0x000000001866b800 1913       3       java.lang.reflect.Method::invoke (62 bytes)
Event: 3.899 Thread 0x000000001866b800 nmethod 1913 0x00000000031e92d0 code [0x00000000031e9480, 0x00000000031e99e8]
Event: 3.899 Thread 0x000000001866b800 1914       3       org.springframework.asm.Type::getType (10 bytes)
Event: 3.900 Thread 0x000000001866b800 nmethod 1914 0x00000000031e9bd0 code [0x00000000031e9d40, 0x00000000031e9fa8]
Event: 3.900 Thread 0x000000001866b800 1915       3       org.springframework.asm.ClassReader::readClass (7 bytes)
Event: 3.900 Thread 0x000000001866b800 nmethod 1915 0x00000000031ea0d0 code [0x00000000031ea280, 0x00000000031ea788]

GC Heap History (10 events):
Event: 1.738 GC heap before
{Heap before GC invocations=1 (full 0):
 PSYoungGen      total 35840K, used 30720K [0x00000000d8500000, 0x00000000dad00000, 0x0000000100000000)
  eden space 30720K, 100% used [0x00000000d8500000,0x00000000da300000,0x00000000da300000)
  from space 5120K, 0% used [0x00000000da800000,0x00000000da800000,0x00000000dad00000)
  to   space 5120K, 0% used [0x00000000da300000,0x00000000da300000,0x00000000da800000)
 ParOldGen       total 81920K, used 0K [0x0000000088e00000, 0x000000008de00000, 0x00000000d8500000)
  object space 81920K, 0% used [0x0000000088e00000,0x0000000088e00000,0x000000008de00000)
 Metaspace       used 11596K, capacity 11860K, committed 12032K, reserved 1060864K
  class space    used 1391K, capacity 1482K, committed 1536K, reserved 1048576K
Event: 1.750 GC heap after
Heap after GC invocations=1 (full 0):
 PSYoungGen      total 35840K, used 5089K [0x00000000d8500000, 0x00000000dad00000, 0x0000000100000000)
  eden space 30720K, 0% used [0x00000000d8500000,0x00000000d8500000,0x00000000da300000)
  from space 5120K, 99% used [0x00000000da300000,0x00000000da7f86f8,0x00000000da800000)
  to   space 5120K, 0% used [0x00000000da800000,0x00000000da800000,0x00000000dad00000)
 ParOldGen       total 81920K, used 1098K [0x0000000088e00000, 0x000000008de00000, 0x00000000d8500000)
  object space 81920K, 1% used [0x0000000088e00000,0x0000000088f12aa0,0x000000008de00000)
 Metaspace       used 11596K, capacity 11860K, committed 12032K, reserved 1060864K
  class space    used 1391K, capacity 1482K, committed 1536K, reserved 1048576K
}
Event: 2.330 GC heap before
{Heap before GC invocations=2 (full 0):
 PSYoungGen      total 35840K, used 35809K [0x00000000d8500000, 0x00000000dad00000, 0x0000000100000000)
  eden space 30720K, 100% used [0x00000000d8500000,0x00000000da300000,0x00000000da300000)
  from space 5120K, 99% used [0x00000000da300000,0x00000000da7f86f8,0x00000000da800000)
  to   space 5120K, 0% used [0x00000000da800000,0x00000000da800000,0x00000000dad00000)
 ParOldGen       total 81920K, used 1098K [0x0000000088e00000, 0x000000008de00000, 0x00000000d8500000)
  object space 81920K, 1% used [0x0000000088e00000,0x0000000088f12aa0,0x000000008de00000)
 Metaspace       used 15447K, capacity 15994K, committed 16128K, reserved 1062912K
  class space    used 2032K, capacity 2189K, committed 2304K, reserved 1048576K
Event: 2.344 GC heap after
Heap after GC invocations=2 (full 0):
 PSYoungGen      total 35840K, used 5102K [0x00000000d8500000, 0x00000000dcb00000, 0x0000000100000000)
  eden space 30720K, 0% used [0x00000000d8500000,0x00000000d8500000,0x00000000da300000)
  from space 5120K, 99% used [0x00000000da800000,0x00000000dacfbbd8,0x00000000dad00000)
  to   space 5120K, 0% used [0x00000000da300000,0x00000000da300000,0x00000000da800000)
 ParOldGen       total 81920K, used 2615K [0x0000000088e00000, 0x000000008de00000, 0x00000000d8500000)
  object space 81920K, 3% used [0x0000000088e00000,0x000000008908de18,0x000000008de00000)
 Metaspace       used 15447K, capacity 15994K, committed 16128K, reserved 1062912K
  class space    used 2032K, capacity 2189K, committed 2304K, reserved 1048576K
}
Event: 2.761 GC heap before
{Heap before GC invocations=3 (full 0):
 PSYoungGen      total 35840K, used 35822K [0x00000000d8500000, 0x00000000dcb00000, 0x0000000100000000)
  eden space 30720K, 100% used [0x00000000d8500000,0x00000000da300000,0x00000000da300000)
  from space 5120K, 99% used [0x00000000da800000,0x00000000dacfbbd8,0x00000000dad00000)
  to   space 5120K, 0% used [0x00000000da300000,0x00000000da300000,0x00000000da800000)
 ParOldGen       total 81920K, used 2615K [0x0000000088e00000, 0x000000008de00000, 0x00000000d8500000)
  object space 81920K, 3% used [0x0000000088e00000,0x000000008908de18,0x000000008de00000)
 Metaspace       used 20275K, capacity 20852K, committed 20992K, reserved 1067008K
  class space    used 2573K, capacity 2736K, committed 2816K, reserved 1048576K
Event: 2.771 GC heap after
Heap after GC invocations=3 (full 0):
 PSYoungGen      total 35840K, used 5114K [0x00000000d8500000, 0x00000000dcb00000, 0x0000000100000000)
  eden space 30720K, 0% used [0x00000000d8500000,0x00000000d8500000,0x00000000da300000)
  from space 5120K, 99% used [0x00000000da300000,0x00000000da7feac8,0x00000000da800000)
  to   space 5120K, 0% used [0x00000000dc600000,0x00000000dc600000,0x00000000dcb00000)
 ParOldGen       total 81920K, used 6529K [0x0000000088e00000, 0x000000008de00000, 0x00000000d8500000)
  object space 81920K, 7% used [0x0000000088e00000,0x0000000089460668,0x000000008de00000)
 Metaspace       used 20275K, capacity 20852K, committed 20992K, reserved 1067008K
  class space    used 2573K, capacity 2736K, committed 2816K, reserved 1048576K
}
Event: 2.784 GC heap before
{Heap before GC invocations=4 (full 0):
 PSYoungGen      total 35840K, used 6946K [0x00000000d8500000, 0x00000000dcb00000, 0x0000000100000000)
  eden space 30720K, 5% used [0x00000000d8500000,0x00000000d86c9e00,0x00000000da300000)
  from space 5120K, 99% used [0x00000000da300000,0x00000000da7feac8,0x00000000da800000)
  to   space 5120K, 0% used [0x00000000dc600000,0x00000000dc600000,0x00000000dcb00000)
 ParOldGen       total 81920K, used 6529K [0x0000000088e00000, 0x000000008de00000, 0x00000000d8500000)
  object space 81920K, 7% used [0x0000000088e00000,0x0000000089460668,0x000000008de00000)
 Metaspace       used 20582K, capacity 21108K, committed 21248K, reserved 1067008K
  class space    used 2591K, capacity 2736K, committed 2816K, reserved 1048576K
Event: 2.792 GC heap after
Heap after GC invocations=4 (full 0):
 PSYoungGen      total 66560K, used 5117K [0x00000000d8500000, 0x00000000dcb00000, 0x0000000100000000)
  eden space 61440K, 0% used [0x00000000d8500000,0x00000000d8500000,0x00000000dc100000)
  from space 5120K, 99% used [0x00000000dc600000,0x00000000dcaff668,0x00000000dcb00000)
  to   space 5120K, 0% used [0x00000000dc100000,0x00000000dc100000,0x00000000dc600000)
 ParOldGen       total 81920K, used 6901K [0x0000000088e00000, 0x000000008de00000, 0x00000000d8500000)
  object space 81920K, 8% used [0x0000000088e00000,0x00000000894bd5d0,0x000000008de00000)
 Metaspace       used 20582K, capacity 21108K, committed 21248K, reserved 1067008K
  class space    used 2591K, capacity 2736K, committed 2816K, reserved 1048576K
}
Event: 2.792 GC heap before
{Heap before GC invocations=5 (full 1):
 PSYoungGen      total 66560K, used 5117K [0x00000000d8500000, 0x00000000dcb00000, 0x0000000100000000)
  eden space 61440K, 0% used [0x00000000d8500000,0x00000000d8500000,0x00000000dc100000)
  from space 5120K, 99% used [0x00000000dc600000,0x00000000dcaff668,0x00000000dcb00000)
  to   space 5120K, 0% used [0x00000000dc100000,0x00000000dc100000,0x00000000dc600000)
 ParOldGen       total 81920K, used 6901K [0x0000000088e00000, 0x000000008de00000, 0x00000000d8500000)
  object space 81920K, 8% used [0x0000000088e00000,0x00000000894bd5d0,0x000000008de00000)
 Metaspace       used 20582K, capacity 21108K, committed 21248K, reserved 1067008K
  class space    used 2591K, capacity 2736K, committed 2816K, reserved 1048576K
Event: 2.831 GC heap after
Heap after GC invocations=5 (full 1):
 PSYoungGen      total 66560K, used 0K [0x00000000d8500000, 0x00000000dcb00000, 0x0000000100000000)
  eden space 61440K, 0% used [0x00000000d8500000,0x00000000d8500000,0x00000000dc100000)
  from space 5120K, 0% used [0x00000000dc600000,0x00000000dc600000,0x00000000dcb00000)
  to   space 5120K, 0% used [0x00000000dc100000,0x00000000dc100000,0x00000000dc600000)
 ParOldGen       total 44544K, used 5553K [0x0000000088e00000, 0x000000008b980000, 0x00000000d8500000)
  object space 44544K, 12% used [0x0000000088e00000,0x000000008936c410,0x000000008b980000)
 Metaspace       used 20582K, capacity 21108K, committed 21248K, reserved 1067008K
  class space    used 2591K, capacity 2736K, committed 2816K, reserved 1048576K
}

Deoptimization events (10 events):
Event: 2.451 Thread 0x0000000019721800 Uncommon trap: reason=class_check action=maybe_recompile pc=0x0000000002f9280c method=java.util.HashMap.putVal(ILjava/lang/Object;Ljava/lang/Object;ZZ)Ljava/lang/Object; @ 203
Event: 2.455 Thread 0x0000000019721800 Uncommon trap: reason=class_check action=maybe_recompile pc=0x0000000002f9280c method=java.util.HashMap.putVal(ILjava/lang/Object;Ljava/lang/Object;ZZ)Ljava/lang/Object; @ 203
Event: 2.522 Thread 0x0000000002b04800 Uncommon trap: reason=unstable_if action=reinterpret pc=0x0000000002ec3144 method=java.io.WinNTFileSystem.normalize(Ljava/lang/String;II)Ljava/lang/String; @ 90
Event: 2.686 Thread 0x0000000002b04800 Uncommon trap: reason=unstable_if action=reinterpret pc=0x0000000002e02528 method=java.lang.reflect.Method.equals(Ljava/lang/Object;)Z @ 49
Event: 3.019 Thread 0x0000000019721800 Uncommon trap: reason=unstable_if action=reinterpret pc=0x0000000002fec2e4 method=jdk.internal.org.objectweb.asm.Type.getArgumentsAndReturnSizes(Ljava/lang/String;)I @ 47
Event: 3.051 Thread 0x0000000002b04800 Uncommon trap: reason=class_check action=maybe_recompile pc=0x0000000002d3cc60 method=java.lang.String.equals(Ljava/lang/Object;)Z @ 8
Event: 3.167 Thread 0x0000000002b04800 Uncommon trap: reason=class_check action=maybe_recompile pc=0x0000000002d3cc60 method=java.lang.String.equals(Ljava/lang/Object;)Z @ 8
Event: 3.167 Thread 0x0000000002b04800 Uncommon trap: reason=class_check action=maybe_recompile pc=0x0000000002d3cc60 method=java.lang.String.equals(Ljava/lang/Object;)Z @ 8
Event: 3.167 Thread 0x0000000002b04800 Uncommon trap: reason=class_check action=maybe_recompile pc=0x0000000002d3cc60 method=java.lang.String.equals(Ljava/lang/Object;)Z @ 8
Event: 3.339 Thread 0x0000000002b04800 Uncommon trap: reason=unstable_if action=reinterpret pc=0x0000000003101290 method=java.io.WinNTFileSystem.normalize(Ljava/lang/String;)Ljava/lang/String; @ 128

Classes redefined (0 events):
No events

Internal exceptions (10 events):
Event: 3.307 Thread 0x0000000002b04800 Exception <a 'java/lang/ClassNotFoundException': org/springframework/context/ResourceLoaderAwareCustomizer> (0x00000000d9a9de00) thrown at [C:\workspace\8-2-build-windows-amd64-cygwin\jdk8u192\11897\hotspot\src\share\vm\classfile\systemDictionary.cpp, lin
Event: 3.308 Thread 0x0000000002b04800 Exception <a 'java/lang/ClassNotFoundException': org/springframework/beans/factory/AwareCustomizer> (0x00000000d9aae978) thrown at [C:\workspace\8-2-build-windows-amd64-cygwin\jdk8u192\11897\hotspot\src\share\vm\classfile\systemDictionary.cpp, line 210]
Event: 3.308 Thread 0x0000000002b04800 Exception <a 'java/lang/ClassNotFoundException': org/springframework/beans/factory/BeanClassLoaderAwareCustomizer> (0x00000000d9ac1800) thrown at [C:\workspace\8-2-build-windows-amd64-cygwin\jdk8u192\11897\hotspot\src\share\vm\classfile\systemDictionary.c
Event: 3.309 Thread 0x0000000002b04800 Exception <a 'java/lang/ClassNotFoundException': org/springframework/beans/factory/AwareCustomizer> (0x00000000d9ad2408) thrown at [C:\workspace\8-2-build-windows-amd64-cygwin\jdk8u192\11897\hotspot\src\share\vm\classfile\systemDictionary.cpp, line 210]
Event: 3.309 Thread 0x0000000002b04800 Exception <a 'java/lang/ClassNotFoundException': org/springframework/context/EnvironmentAwareCustomizer> (0x00000000d9ae2e90) thrown at [C:\workspace\8-2-build-windows-amd64-cygwin\jdk8u192\11897\hotspot\src\share\vm\classfile\systemDictionary.cpp, line 2
Event: 3.310 Thread 0x0000000002b04800 Exception <a 'java/lang/ClassNotFoundException': org/springframework/beans/factory/AwareCustomizer> (0x00000000d9af3978) thrown at [C:\workspace\8-2-build-windows-amd64-cygwin\jdk8u192\11897\hotspot\src\share\vm\classfile\systemDictionary.cpp, line 210]
Event: 3.343 Thread 0x0000000002b04800 Exception <a 'java/lang/NoSuchMethodError': java.lang.Object.lambda$comparing$77a9974f$1(Ljava/util/function/Function;Ljava/lang/Object;Ljava/lang/Object;)I> (0x00000000d9cbe350) thrown at [C:\workspace\8-2-build-windows-amd64-cygwin\jdk8u192\11897\hotspo
Event: 3.685 Thread 0x0000000002b04800 Exception <a 'java/lang/IncompatibleClassChangeError': Found class java.lang.Object, but interface was expected> (0x00000000da7561a8) thrown at [C:\workspace\8-2-build-windows-amd64-cygwin\jdk8u192\11897\hotspot\src\share\vm\interpreter\linkResolver.cpp, 
Event: 3.729 Thread 0x0000000002b04800 Exception <a 'java/lang/NoSuchMethodError': java.lang.Object.lambda$getAllAnnotationAttributes$0(Lorg/springframework/util/MultiValueMap;)Lorg/springframework/util/MultiValueMap;> (0x00000000da8bfbc0) thrown at [C:\workspace\8-2-build-windows-amd64-cygwin
Event: 3.730 Thread 0x0000000002b04800 Exception <a 'java/lang/NoSuchMethodError': java.lang.Object.lambda$identity$2(Ljava/lang/Object;)Ljava/lang/Object;> (0x00000000da8ce5a0) thrown at [C:\workspace\8-2-build-windows-amd64-cygwin\jdk8u192\11897\hotspot\src\share\vm\interpreter\linkResolver.

Events (10 events):
Event: 3.854 loading class com/example/fertilizerManage/service/impl/UserServiceImpl
Event: 3.854 loading class com/example/fertilizerManage/service/impl/UserServiceImpl done
Event: 3.855 loading class com/example/fertilizerManage/service/UserService
Event: 3.855 loading class com/example/fertilizerManage/service/UserService done
Event: 3.857 loading class org/springframework/boot/web/servlet/ServletRegistrationBean
Event: 3.857 loading class org/springframework/boot/web/servlet/ServletRegistrationBean done
Event: 3.860 loading class org/springframework/boot/autoconfigure/web/servlet/DispatcherServletAutoConfiguration$DefaultDispatcherServletCondition
Event: 3.860 loading class org/springframework/boot/autoconfigure/web/servlet/DispatcherServletAutoConfiguration$DefaultDispatcherServletCondition done
Event: 3.897 loading class org/springframework/boot/autoconfigure/validation/PrimaryDefaultValidatorPostProcessor
Event: 3.897 loading class org/springframework/boot/autoconfigure/validation/PrimaryDefaultValidatorPostProcessor done


Dynamic libraries:
0x00007ff726670000 - 0x00007ff7266a7000 	C:\Program Files\Java\jdk1.8.0_192\bin\javaw.exe
0x00007ffd28080000 - 0x00007ffd28270000 	C:\Windows\SYSTEM32\ntdll.dll
0x00007ffd27f10000 - 0x00007ffd27fc2000 	C:\Windows\System32\KERNEL32.DLL
0x00007ffd25990000 - 0x00007ffd25c33000 	C:\Windows\System32\KERNELBASE.dll
0x00007ffd27830000 - 0x00007ffd278d3000 	C:\Windows\System32\ADVAPI32.dll
0x00007ffd269d0000 - 0x00007ffd26a6e000 	C:\Windows\System32\msvcrt.dll
0x00007ffd264c0000 - 0x00007ffd26557000 	C:\Windows\System32\sechost.dll
0x00007ffd26ed0000 - 0x00007ffd26ff0000 	C:\Windows\System32\RPCRT4.dll
0x00007ffd26d00000 - 0x00007ffd26e93000 	C:\Windows\System32\USER32.dll
0x00007ffd25960000 - 0x00007ffd25981000 	C:\Windows\System32\win32u.dll
0x00007ffd26a70000 - 0x00007ffd26a96000 	C:\Windows\System32\GDI32.dll
0x00007ffd25d40000 - 0x00007ffd25ed4000 	C:\Windows\System32\gdi32full.dll
0x00007ffd25f90000 - 0x00007ffd2602e000 	C:\Windows\System32\msvcp_win.dll
0x00007ffd25c40000 - 0x00007ffd25d3a000 	C:\Windows\System32\ucrtbase.dll
0x00007ffd0f8f0000 - 0x00007ffd0fb75000 	C:\Windows\WinSxS\amd64_microsoft.windows.common-controls_6595b64144ccf1df_6.0.18362.175_none_e6c3ab1f131014c9\COMCTL32.dll
0x00007ffd278e0000 - 0x00007ffd27c16000 	C:\Windows\System32\combase.dll
0x00007ffd26080000 - 0x00007ffd26101000 	C:\Windows\System32\bcryptPrimitives.dll
0x00007ffd27730000 - 0x00007ffd2775e000 	C:\Windows\System32\IMM32.DLL
0x00000000561f0000 - 0x00000000562c1000 	C:\Program Files\Java\jdk1.8.0_192\jre\bin\msvcr100.dll
0x0000000055620000 - 0x0000000055ec3000 	C:\Program Files\Java\jdk1.8.0_192\jre\bin\server\jvm.dll
0x00007ffd26aa0000 - 0x00007ffd26aa8000 	C:\Windows\System32\PSAPI.DLL
0x00007ffd10b10000 - 0x00007ffd10b19000 	C:\Windows\SYSTEM32\WSOCK32.dll
0x00007ffd221a0000 - 0x00007ffd221c4000 	C:\Windows\SYSTEM32\WINMM.dll
0x00007ffd27ca0000 - 0x00007ffd27d0f000 	C:\Windows\System32\WS2_32.dll
0x00007ffd1fcf0000 - 0x00007ffd1fcfa000 	C:\Windows\SYSTEM32\VERSION.dll
0x00007ffd22170000 - 0x00007ffd2219d000 	C:\Windows\SYSTEM32\WINMMBASE.dll
0x00007ffd26030000 - 0x00007ffd2607a000 	C:\Windows\System32\cfgmgr32.dll
0x00007ffd16f00000 - 0x00007ffd16f0f000 	C:\Program Files\Java\jdk1.8.0_192\jre\bin\verify.dll
0x00007ffd0e2f0000 - 0x00007ffd0e319000 	C:\Program Files\Java\jdk1.8.0_192\jre\bin\java.dll
0x00007ffd0ff20000 - 0x00007ffd0ff36000 	C:\Program Files\Java\jdk1.8.0_192\jre\bin\zip.dll
0x00007ffd26ff0000 - 0x00007ffd276d0000 	C:\Windows\System32\SHELL32.dll
0x00007ffd26b10000 - 0x00007ffd26bb9000 	C:\Windows\System32\shcore.dll
0x00007ffd25010000 - 0x00007ffd2578b000 	C:\Windows\System32\windows.storage.dll
0x00007ffd24ff0000 - 0x00007ffd2500f000 	C:\Windows\System32\profapi.dll
0x00007ffd24f80000 - 0x00007ffd24fca000 	C:\Windows\System32\powrprof.dll
0x00007ffd24f50000 - 0x00007ffd24f60000 	C:\Windows\System32\UMPDC.dll
0x00007ffd27fd0000 - 0x00007ffd28022000 	C:\Windows\System32\shlwapi.dll
0x00007ffd24f60000 - 0x00007ffd24f71000 	C:\Windows\System32\kernel.appcore.dll
0x00007ffd257f0000 - 0x00007ffd25807000 	C:\Windows\System32\cryptsp.dll
0x00007ffd16aa0000 - 0x00007ffd16aad000 	C:\Program Files\Java\jdk1.8.0_192\jre\bin\management.dll
0x00007ffd0f6f0000 - 0x00007ffd0f70a000 	C:\Program Files\Java\jdk1.8.0_192\jre\bin\net.dll
0x00007ffd24790000 - 0x00007ffd247f7000 	C:\Windows\system32\mswsock.dll
0x00007ffd133e0000 - 0x00007ffd133f6000 	C:\Windows\system32\napinsp.dll
0x00007ffd133c0000 - 0x00007ffd133da000 	C:\Windows\system32\pnrpnsp.dll
0x00007ffd24530000 - 0x00007ffd245fa000 	C:\Windows\SYSTEM32\DNSAPI.dll
0x00007ffd28030000 - 0x00007ffd28038000 	C:\Windows\System32\NSI.dll
0x00007ffd244f0000 - 0x00007ffd2452a000 	C:\Windows\SYSTEM32\IPHLPAPI.DLL
0x00007ffd11ed0000 - 0x00007ffd11ede000 	C:\Windows\System32\winrnr.dll
0x00007ffd1f520000 - 0x00007ffd1f53c000 	C:\Windows\system32\NLAapi.dll
0x00007ffd1ffe0000 - 0x00007ffd1fff5000 	C:\Windows\system32\wshbth.dll
0x00007ffd17bd0000 - 0x00007ffd17bda000 	C:\Windows\System32\rasadhlp.dll
0x00007ffd1a660000 - 0x00007ffd1a6d7000 	C:\Windows\System32\fwpuclnt.dll
0x00007ffd26110000 - 0x00007ffd26136000 	C:\Windows\System32\bcrypt.dll
0x00007ffd0f6b0000 - 0x00007ffd0f6c1000 	C:\Program Files\Java\jdk1.8.0_192\jre\bin\nio.dll

VM Arguments:
jvm_args: -Dfile.encoding=UTF-8 
java_command: com.example.fertilizerManage.FertilizerManageApplication
java_class_path (initial): F:\workspace\YZJW\fertilizerManage\target\classes;F:\maven\maven-repository\org\springframework\boot\spring-boot-starter\2.2.6.RELEASE\spring-boot-starter-2.2.6.RELEASE.jar;F:\maven\maven-repository\org\springframework\boot\spring-boot\2.2.6.RELEASE\spring-boot-2.2.6.RELEASE.jar;F:\maven\maven-repository\org\springframework\boot\spring-boot-autoconfigure\2.2.6.RELEASE\spring-boot-autoconfigure-2.2.6.RELEASE.jar;F:\maven\maven-repository\org\springframework\boot\spring-boot-starter-logging\2.2.6.RELEASE\spring-boot-starter-logging-2.2.6.RELEASE.jar;F:\maven\maven-repository\ch\qos\logback\logback-classic\1.2.3\logback-classic-1.2.3.jar;F:\maven\maven-repository\ch\qos\logback\logback-core\1.2.3\logback-core-1.2.3.jar;F:\maven\maven-repository\org\apache\logging\log4j\log4j-to-slf4j\2.12.1\log4j-to-slf4j-2.12.1.jar;F:\maven\maven-repository\org\apache\logging\log4j\log4j-api\2.12.1\log4j-api-2.12.1.jar;F:\maven\maven-repository\org\slf4j\jul-to-slf4j\1.7.30\jul-to-slf4j-1.7.30.jar;F:\maven\maven-repository\jakarta\annotation\jakarta.annotation-api\1.3.5\jakarta.annotation-api-1.3.5.jar;F:\maven\maven-repository\org\springframework\spring-core\5.2.5.RELEASE\spring-core-5.2.5.RELEASE.jar;F:\maven\maven-repository\org\springframework\spring-jcl\5.2.5.RELEASE\spring-jcl-5.2.5.RELEASE.jar;F:\maven\maven-repository\org\yaml\snakeyaml\1.25\snakeyaml-1.25.jar;F:\maven\maven-repository\org\slf4j\slf4j-api\1.7.30\slf4j-api-1.7.30.jar;F:\maven\maven-repository\org\springframework\boot\spring-boot-starter-web\2.2.6.RELEASE\spring-boot-starter-web-2.2.6.RELEASE.jar;F:\maven\maven-repository\org\springframework\boot\spring-boot-starter-json\2.2.6.RELEASE\spring-boot-starter-json-2.2.6.RELEASE.jar;F:\maven\maven-repository\com\fasterxml\jackson\core\jackson-databind\2.10.3\jackson-databind-2.10.3.jar;F:\maven\maven-repository\com\fasterxml\jackson\core\jackson-annotations\2.10.3\jackson-annotations-2.10.3.jar;F:\maven\maven-repository\com\fasterxml\jacks
Launcher Type: SUN_STANDARD

Environment Variables:
JAVA_HOME=C:\Program Files\Java\jdk1.7.0_80
CLASSPATH=.;C:\Program Files\Java\jdk1.7.0_80\lib\dt.jar;C:\Program Files\Java\jdk1.7.0_80\lib\tools.jar;
PATH=C:/Program Files/Java/jre1.8.0_251/bin/server;C:/Program Files/Java/jre1.8.0_251/bin;C:/Program Files/Java/jre1.8.0_251/lib/amd64;F:\app\Administrator\product\11.2.0\dbhome_1\bin;C:\Program Files (x86)\Common Files\Oracle\Java\javapath;C:\Windows\system32;C:\Windows;C:\Windows\System32\Wbem;C:\Windows\System32\WindowsPowerShell\v1.0\;C:\Windows\System32\OpenSSH\;C:\Program Files\Java\jdk1.7.0_80\bin;C:\Program Files\Java\jdk1.7.0_80\jre\bin;F:\TortoiseSVN\bin;F:\maven\apache-maven-3.6.1\bin\;F:\node.js\;F:\node.js\node_global;C:\Users\Administrator\AppData\Local\Microsoft\WindowsApps;F:\node.js\node_global;;F:\vsCode\Microsoft VS Code\bin;F:\eclipse\eclipse-jee-luna-SR2-win32-x86_64;
USERNAME=Administrator
OS=Windows_NT
PROCESSOR_IDENTIFIER=Intel64 Family 6 Model 142 Stepping 9, GenuineIntel



---------------  S Y S T E M  ---------------

OS: Windows 10.0 , 64 bit Build 18362 (10.0.18362.86)

CPU:total 4 (initial active 4) (2 cores per cpu, 2 threads per core) family 6 model 142 stepping 9, cmov, cx8, fxsr, mmx, sse, sse2, sse3, ssse3, sse4.1, sse4.2, popcnt, avx, avx2, aes, clmul, erms, 3dnowpref, lzcnt, ht, tsc, tscinvbit, bmi1, bmi2, adx

Memory: 4k page, physical 7800256k(508868k free), swap 23997884k(7184k free)

vm_info: Java HotSpot(TM) 64-Bit Server VM (25.192-b12) for windows-amd64 JRE (1.8.0_192-b12), built on Oct  6 2018 17:12:23 by "java_re" with MS VC++ 10.0 (VS2010)

time: Fri May 08 11:05:12 2020
timezone: 中国标准时间
elapsed time: 3 seconds (0d 0h 0m 3s)

