#
# There is insufficient memory for the Java Runtime Environment to continue.
# Native memory allocation (malloc) failed to allocate 880448 bytes for Chunk::new
# Possible reasons:
#   The system is out of physical RAM or swap space
#   The process is running with CompressedOops enabled, and the Java Heap may be blocking the growth of the native heap
# Possible solutions:
#   Reduce memory load on the system
#   Increase physical memory or swap space
#   Check if swap backing store is full
#   Decrease Java heap size (-Xmx/-Xms)
#   Decrease number of Java threads
#   Decrease Java thread stack sizes (-Xss)
#   Set larger code cache with -XX:ReservedCodeCacheSize=
#   JVM is running with Unscaled Compressed Oops mode in which the Java heap is
#     placed in the first 4GB address space. The Java Heap base address is the
#     maximum limit for the native heap growth. Please use -XX:HeapBaseMinAddress
#     to set the Java Heap base and to place the Java Heap above 4GB virtual address.
# This output file may be truncated or incomplete.
#
#  Out of Memory Error (allocation.cpp:390), pid=10992, tid=0x00000000000063ec
#
# JRE version: Java(TM) SE Runtime Environment (8.0_192-b12) (build 1.8.0_192-b12)
# Java VM: Java HotSpot(TM) 64-Bit Server VM (25.192-b12 mixed mode windows-amd64 compressed oops)
# Failed to write core dump. Minidumps are not enabled by default on client versions of Windows
#

---------------  T H R E A D  ---------------

Current thread (0x0000000018d9f800):  JavaThread "C2 CompilerThread1" daemon [_thread_in_native, id=25580, stack(0x0000000019490000,0x0000000019590000)]

Stack: [0x0000000019490000,0x0000000019590000]
[error occurred during error reporting (printing stack bounds), id 0xc0000005]

Native frames: (J=compiled Java code, j=interpreted, Vv=VM code, C=native code)


Current CompileTask:
C2:  10229 3352       4       org.springframework.core.annotation.TypeMappedAnnotations::get (52 bytes)


---------------  P R O C E S S  ---------------

Java Threads: ( => current thread )
  0x0000000019976800 JavaThread "mysql-cj-abandoned-connection-cleanup" daemon [_thread_blocked, id=14780, stack(0x0000000020c80000,0x0000000020d80000)]
  0x000000001c096000 JavaThread "container-0" [_thread_blocked, id=25784, stack(0x000000001f920000,0x000000001fa20000)]
  0x000000001999a000 JavaThread "Catalina-utility-2" [_thread_blocked, id=29484, stack(0x000000001e3b0000,0x000000001e4b0000)]
  0x0000000019c65000 JavaThread "Catalina-utility-1" [_thread_blocked, id=22700, stack(0x000000001b310000,0x000000001b410000)]
  0x0000000018e1f000 JavaThread "Service Thread" daemon [_thread_blocked, id=27512, stack(0x0000000019690000,0x0000000019790000)]
  0x0000000018da4000 JavaThread "C1 CompilerThread2" daemon [_thread_blocked, id=23836, stack(0x0000000019590000,0x0000000019690000)]
=>0x0000000018d9f800 JavaThread "C2 CompilerThread1" daemon [_thread_in_native, id=25580, stack(0x0000000019490000,0x0000000019590000)]
  0x0000000018d99000 JavaThread "C2 CompilerThread0" daemon [_thread_in_native, id=11432, stack(0x0000000019390000,0x0000000019490000)]
  0x0000000017a30800 JavaThread "Attach Listener" daemon [_thread_blocked, id=22152, stack(0x0000000019290000,0x0000000019390000)]
  0x0000000018d98800 JavaThread "Signal Dispatcher" daemon [_thread_blocked, id=18316, stack(0x0000000019190000,0x0000000019290000)]
  0x000000000325e000 JavaThread "Finalizer" daemon [_thread_blocked, id=28936, stack(0x0000000018c90000,0x0000000018d90000)]
  0x0000000003255000 JavaThread "Reference Handler" daemon [_thread_blocked, id=29660, stack(0x0000000018b90000,0x0000000018c90000)]
  0x0000000003164800 JavaThread "main" [_thread_in_Java, id=25544, stack(0x0000000002ce0000,0x0000000002de0000)]

Other Threads:
  0x00000000179e7000 VMThread [stack: 0x0000000018a90000,0x0000000018b90000] [id=29404]
  0x0000000018e29000 WatcherThread [stack: 0x0000000019790000,0x0000000019890000] [id=10024]

VM state:not at safepoint (normal execution)

VM Mutex/Monitor currently owned by a thread: None

heap address: 0x0000000088e00000, size: 1906 MB, Compressed Oops mode: 32-bit
Narrow klass base: 0x0000000000000000, Narrow klass shift: 3
Compressed class space size: 1073741824 Address: 0x0000000100000000

Heap:
 PSYoungGen      total 118272K, used 22389K [0x00000000d8500000, 0x00000000e4d80000, 0x0000000100000000)
  eden space 105984K, 21% used [0x00000000d8500000,0x00000000d9add610,0x00000000dec80000)
  from space 12288K, 0% used [0x00000000dec80000,0x00000000dec80000,0x00000000df880000)
  to   space 11776K, 0% used [0x00000000e4200000,0x00000000e4200000,0x00000000e4d80000)
 ParOldGen       total 64000K, used 12034K [0x0000000088e00000, 0x000000008cc80000, 0x00000000d8500000)
  object space 64000K, 18% used [0x0000000088e00000,0x00000000899c0ac0,0x000000008cc80000)
 Metaspace       used 37629K, capacity 39214K, committed 39600K, reserved 1083392K
  class space    used 4842K, capacity 5171K, committed 5296K, reserved 1048576K

Card table byte_map: [0x00000000126f0000,0x0000000012ab0000] byte_map_base: 0x00000000122a9000

Marking Bits: (ParMarkBitMap*) 0x0000000056163ce0
 Begin Bits: [0x0000000013130000, 0x0000000014ef8000)
 End Bits:   [0x0000000014ef8000, 0x0000000016cc0000)

Polling page: 0x0000000002de0000

CodeCache: size=245760Kb used=11707Kb max_used=11707Kb free=234052Kb
 bounds [0x0000000003330000, 0x0000000003eb0000, 0x0000000012330000]
 total_blobs=3779 nmethods=3331 adapters=360
 compilation: enabled

Compilation events (10 events):
Event: 10.154 Thread 0x0000000018da4000 3398       3       org.springframework.context.annotation.CommonAnnotationBeanPostProcessor::lambda$buildResourceMetadata$0 (181 bytes)
Event: 10.156 Thread 0x0000000018da4000 nmethod 3398 0x0000000003e9e290 code [0x0000000003e9e680, 0x0000000003ea0768]
Event: 10.156 Thread 0x0000000018da4000 3399   !   3       org.springframework.util.ReflectionUtils::doWithLocalFields (84 bytes)
Event: 10.157 Thread 0x0000000018da4000 nmethod 3399 0x0000000003ea1710 code [0x0000000003ea1980, 0x0000000003ea28a8]
Event: 10.159 Thread 0x0000000018da4000 3400   !   3       org.springframework.beans.factory.annotation.AutowiredAnnotationBeanPostProcessor::lambda$determineCandidateConstructors$0 (89 bytes)
Event: 10.160 Thread 0x0000000018da4000 nmethod 3400 0x0000000003ea3050 code [0x0000000003ea32e0, 0x0000000003ea4518]
Event: 10.172 Thread 0x0000000018da4000 3401       1       org.springframework.beans.factory.config.BeanDefinitionHolder::getBeanDefinition (5 bytes)
Event: 10.172 Thread 0x0000000018da4000 nmethod 3401 0x0000000003ea4e90 code [0x0000000003ea4fe0, 0x0000000003ea50f0]
Event: 10.172 Thread 0x0000000018da4000 3402       1       org.springframework.beans.factory.InjectionPoint::getMethodParameter (5 bytes)
Event: 10.172 Thread 0x0000000018da4000 nmethod 3402 0x0000000003ea5150 code [0x0000000003ea52a0, 0x0000000003ea53b0]

GC Heap History (10 events):
Event: 2.672 GC heap before
{Heap before GC invocations=5 (full 1):
 PSYoungGen      total 66560K, used 4842K [0x00000000d8500000, 0x00000000dcb00000, 0x0000000100000000)
  eden space 61440K, 0% used [0x00000000d8500000,0x00000000d8500000,0x00000000dc100000)
  from space 5120K, 94% used [0x00000000dc600000,0x00000000dcaba8a0,0x00000000dcb00000)
  to   space 5120K, 0% used [0x00000000dc100000,0x00000000dc100000,0x00000000dc600000)
 ParOldGen       total 81920K, used 7034K [0x0000000088e00000, 0x000000008de00000, 0x00000000d8500000)
  object space 81920K, 8% used [0x0000000088e00000,0x00000000894de9c8,0x000000008de00000)
 Metaspace       used 20612K, capacity 21188K, committed 21296K, reserved 1067008K
  class space    used 2671K, capacity 2830K, committed 2864K, reserved 1048576K
Event: 2.708 GC heap after
Heap after GC invocations=5 (full 1):
 PSYoungGen      total 66560K, used 0K [0x00000000d8500000, 0x00000000dcb00000, 0x0000000100000000)
  eden space 61440K, 0% used [0x00000000d8500000,0x00000000d8500000,0x00000000dc100000)
  from space 5120K, 0% used [0x00000000dc600000,0x00000000dc600000,0x00000000dcb00000)
  to   space 5120K, 0% used [0x00000000dc100000,0x00000000dc100000,0x00000000dc600000)
 ParOldGen       total 46592K, used 4811K [0x0000000088e00000, 0x000000008bb80000, 0x00000000d8500000)
  object space 46592K, 10% used [0x0000000088e00000,0x00000000892b2ee8,0x000000008bb80000)
 Metaspace       used 20610K, capacity 21182K, committed 21296K, reserved 1067008K
  class space    used 2671K, capacity 2829K, committed 2864K, reserved 1048576K
}
Event: 5.784 GC heap before
{Heap before GC invocations=6 (full 1):
 PSYoungGen      total 66560K, used 61440K [0x00000000d8500000, 0x00000000dcb00000, 0x0000000100000000)
  eden space 61440K, 100% used [0x00000000d8500000,0x00000000dc100000,0x00000000dc100000)
  from space 5120K, 0% used [0x00000000dc600000,0x00000000dc600000,0x00000000dcb00000)
  to   space 5120K, 0% used [0x00000000dc100000,0x00000000dc100000,0x00000000dc600000)
 ParOldGen       total 46592K, used 4811K [0x0000000088e00000, 0x000000008bb80000, 0x00000000d8500000)
  object space 46592K, 10% used [0x0000000088e00000,0x00000000892b2ee8,0x000000008bb80000)
 Metaspace       used 26554K, capacity 27478K, committed 27696K, reserved 1073152K
  class space    used 3375K, capacity 3589K, committed 3632K, reserved 1048576K
Event: 5.791 GC heap after
Heap after GC invocations=6 (full 1):
 PSYoungGen      total 66560K, used 5098K [0x00000000d8500000, 0x00000000e0400000, 0x0000000100000000)
  eden space 61440K, 0% used [0x00000000d8500000,0x00000000d8500000,0x00000000dc100000)
  from space 5120K, 99% used [0x00000000dc100000,0x00000000dc5faa10,0x00000000dc600000)
  to   space 10752K, 0% used [0x00000000df980000,0x00000000df980000,0x00000000e0400000)
 ParOldGen       total 46592K, used 8093K [0x0000000088e00000, 0x000000008bb80000, 0x00000000d8500000)
  object space 46592K, 17% used [0x0000000088e00000,0x00000000895e75e0,0x000000008bb80000)
 Metaspace       used 26554K, capacity 27478K, committed 27696K, reserved 1073152K
  class space    used 3375K, capacity 3589K, committed 3632K, reserved 1048576K
}
Event: 8.844 GC heap before
{Heap before GC invocations=7 (full 1):
 PSYoungGen      total 66560K, used 66538K [0x00000000d8500000, 0x00000000e0400000, 0x0000000100000000)
  eden space 61440K, 100% used [0x00000000d8500000,0x00000000dc100000,0x00000000dc100000)
  from space 5120K, 99% used [0x00000000dc100000,0x00000000dc5faa10,0x00000000dc600000)
  to   space 10752K, 0% used [0x00000000df980000,0x00000000df980000,0x00000000e0400000)
 ParOldGen       total 46592K, used 8093K [0x0000000088e00000, 0x000000008bb80000, 0x00000000d8500000)
  object space 46592K, 17% used [0x0000000088e00000,0x00000000895e75e0,0x000000008bb80000)
 Metaspace       used 33122K, capacity 34598K, committed 34736K, reserved 1079296K
  class space    used 4243K, capacity 4527K, committed 4528K, reserved 1048576K
Event: 8.863 GC heap after
Heap after GC invocations=7 (full 1):
 PSYoungGen      total 116736K, used 10733K [0x00000000d8500000, 0x00000000e0480000, 0x0000000100000000)
  eden space 105984K, 0% used [0x00000000d8500000,0x00000000d8500000,0x00000000dec80000)
  from space 10752K, 99% used [0x00000000df980000,0x00000000e03fb778,0x00000000e0400000)
  to   space 12288K, 0% used [0x00000000dec80000,0x00000000dec80000,0x00000000df880000)
 ParOldGen       total 46592K, used 8714K [0x0000000088e00000, 0x000000008bb80000, 0x00000000d8500000)
  object space 46592K, 18% used [0x0000000088e00000,0x0000000089682b48,0x000000008bb80000)
 Metaspace       used 33122K, capacity 34598K, committed 34736K, reserved 1079296K
  class space    used 4243K, capacity 4527K, committed 4528K, reserved 1048576K
}
Event: 9.239 GC heap before
{Heap before GC invocations=8 (full 1):
 PSYoungGen      total 116736K, used 23138K [0x00000000d8500000, 0x00000000e0480000, 0x0000000100000000)
  eden space 105984K, 11% used [0x00000000d8500000,0x00000000d911d310,0x00000000dec80000)
  from space 10752K, 99% used [0x00000000df980000,0x00000000e03fb778,0x00000000e0400000)
  to   space 12288K, 0% used [0x00000000dec80000,0x00000000dec80000,0x00000000df880000)
 ParOldGen       total 46592K, used 8714K [0x0000000088e00000, 0x000000008bb80000, 0x00000000d8500000)
  object space 46592K, 18% used [0x0000000088e00000,0x0000000089682b48,0x000000008bb80000)
 Metaspace       used 33917K, capacity 35402K, committed 35496K, reserved 1081344K
  class space    used 4351K, capacity 4641K, committed 4656K, reserved 1048576K
Event: 9.252 GC heap after
Heap after GC invocations=8 (full 1):
 PSYoungGen      total 118272K, used 7521K [0x00000000d8500000, 0x00000000e4d80000, 0x0000000100000000)
  eden space 105984K, 0% used [0x00000000d8500000,0x00000000d8500000,0x00000000dec80000)
  from space 12288K, 61% used [0x00000000dec80000,0x00000000df3d8630,0x00000000df880000)
  to   space 11776K, 0% used [0x00000000e4200000,0x00000000e4200000,0x00000000e4d80000)
 ParOldGen       total 46592K, used 8722K [0x0000000088e00000, 0x000000008bb80000, 0x00000000d8500000)
  object space 46592K, 18% used [0x0000000088e00000,0x0000000089684b48,0x000000008bb80000)
 Metaspace       used 33917K, capacity 35402K, committed 35496K, reserved 1081344K
  class space    used 4351K, capacity 4641K, committed 4656K, reserved 1048576K
}
Event: 9.252 GC heap before
{Heap before GC invocations=9 (full 2):
 PSYoungGen      total 118272K, used 7521K [0x00000000d8500000, 0x00000000e4d80000, 0x0000000100000000)
  eden space 105984K, 0% used [0x00000000d8500000,0x00000000d8500000,0x00000000dec80000)
  from space 12288K, 61% used [0x00000000dec80000,0x00000000df3d8630,0x00000000df880000)
  to   space 11776K, 0% used [0x00000000e4200000,0x00000000e4200000,0x00000000e4d80000)
 ParOldGen       total 46592K, used 8722K [0x0000000088e00000, 0x000000008bb80000, 0x00000000d8500000)
  object space 46592K, 18% used [0x0000000088e00000,0x0000000089684b48,0x000000008bb80000)
 Metaspace       used 33917K, capacity 35402K, committed 35496K, reserved 1081344K
  class space    used 4351K, capacity 4641K, committed 4656K, reserved 1048576K
Event: 9.318 GC heap after
Heap after GC invocations=9 (full 2):
 PSYoungGen      total 118272K, used 0K [0x00000000d8500000, 0x00000000e4d80000, 0x0000000100000000)
  eden space 105984K, 0% used [0x00000000d8500000,0x00000000d8500000,0x00000000dec80000)
  from space 12288K, 0% used [0x00000000dec80000,0x00000000dec80000,0x00000000df880000)
  to   space 11776K, 0% used [0x00000000e4200000,0x00000000e4200000,0x00000000e4d80000)
 ParOldGen       total 64000K, used 12034K [0x0000000088e00000, 0x000000008cc80000, 0x00000000d8500000)
  object space 64000K, 18% used [0x0000000088e00000,0x00000000899c0ac0,0x000000008cc80000)
 Metaspace       used 33917K, capacity 35402K, committed 35496K, reserved 1081344K
  class space    used 4351K, capacity 4641K, committed 4656K, reserved 1048576K
}

Deoptimization events (10 events):
Event: 9.215 Thread 0x0000000019976800 Uncommon trap: reason=unstable_if action=reinterpret pc=0x0000000003771014 method=java.net.URL.<init>(Ljava/net/URL;Ljava/lang/String;Ljava/net/URLStreamHandler;)V @ 57
Event: 9.215 Thread 0x0000000019976800 Uncommon trap: reason=unstable_if action=reinterpret pc=0x0000000003d8767c method=java.net.URLStreamHandler.parseURL(Ljava/net/URL;Ljava/lang/String;II)V @ 57
Event: 9.473 Thread 0x0000000003164800 Uncommon trap: reason=unstable_if action=reinterpret pc=0x0000000003c4e7c0 method=org.springframework.beans.factory.support.DefaultSingletonBeanRegistry.getSingleton(Ljava/lang/String;Z)Ljava/lang/Object; @ 47
Event: 9.776 Thread 0x0000000003164800 Uncommon trap: reason=class_check action=maybe_recompile pc=0x00000000039a469c method=java.net.URLClassLoader.defineClass(Ljava/lang/String;Lsun/misc/Resource;)Ljava/lang/Class; @ 13
Event: 9.992 Thread 0x0000000003164800 Uncommon trap: reason=unstable_if action=reinterpret pc=0x0000000003c5aaa0 method=java.util.concurrent.ConcurrentHashMap.putVal(Ljava/lang/Object;Ljava/lang/Object;Z)Ljava/lang/Object; @ 331
Event: 10.010 Thread 0x0000000003164800 Uncommon trap: reason=unstable_if action=reinterpret pc=0x0000000003dcf4ec method=org.springframework.core.annotation.AnnotationsScanner.processClassHierarchy(Ljava/lang/Object;[ILjava/lang/Class;Lorg/springframework/core/annotation/AnnotationsProcessor;L
Event: 10.015 Thread 0x0000000003164800 Uncommon trap: reason=class_check action=maybe_recompile pc=0x0000000003ccf2ec method=org.springframework.beans.factory.support.AbstractBeanFactory.isTypeMatch(Ljava/lang/String;Lorg/springframework/core/ResolvableType;Z)Z @ 53
Event: 10.050 Thread 0x0000000003164800 Uncommon trap: reason=class_check action=maybe_recompile pc=0x0000000003ccf2ec method=org.springframework.beans.factory.support.AbstractBeanFactory.isTypeMatch(Ljava/lang/String;Lorg/springframework/core/ResolvableType;Z)Z @ 53
Event: 10.056 Thread 0x0000000003164800 Uncommon trap: reason=class_check action=maybe_recompile pc=0x0000000003ccf2ec method=org.springframework.beans.factory.support.AbstractBeanFactory.isTypeMatch(Ljava/lang/String;Lorg/springframework/core/ResolvableType;Z)Z @ 53
Event: 10.058 Thread 0x0000000003164800 Uncommon trap: reason=class_check action=maybe_recompile pc=0x0000000003ccf2ec method=org.springframework.beans.factory.support.AbstractBeanFactory.isTypeMatch(Ljava/lang/String;Lorg/springframework/core/ResolvableType;Z)Z @ 53

Classes redefined (0 events):
No events

Internal exceptions (10 events):
Event: 9.458 Thread 0x0000000003164800 Exception <a 'java/lang/NullPointerException'> (0x00000000d8898920) thrown at [C:\workspace\8-2-build-windows-amd64-cygwin\jdk8u192\11897\hotspot\src\share\vm\runtime\sharedRuntime.cpp, line 605]
Event: 9.458 Thread 0x0000000003164800 Implicit null exception at 0x00000000039de1cd to 0x00000000039de73c
Event: 9.458 Thread 0x0000000003164800 Exception <a 'java/lang/NullPointerException'> (0x00000000d8899760) thrown at [C:\workspace\8-2-build-windows-amd64-cygwin\jdk8u192\11897\hotspot\src\share\vm\runtime\sharedRuntime.cpp, line 605]
Event: 9.458 Thread 0x0000000003164800 Implicit null exception at 0x00000000039de1cd to 0x00000000039de73c
Event: 9.458 Thread 0x0000000003164800 Exception <a 'java/lang/NullPointerException'> (0x00000000d889a5b0) thrown at [C:\workspace\8-2-build-windows-amd64-cygwin\jdk8u192\11897\hotspot\src\share\vm\runtime\sharedRuntime.cpp, line 605]
Event: 9.458 Thread 0x0000000003164800 Implicit null exception at 0x00000000039de1cd to 0x00000000039de73c
Event: 9.458 Thread 0x0000000003164800 Exception <a 'java/lang/NullPointerException'> (0x00000000d889b470) thrown at [C:\workspace\8-2-build-windows-amd64-cygwin\jdk8u192\11897\hotspot\src\share\vm\runtime\sharedRuntime.cpp, line 605]
Event: 9.458 Thread 0x0000000003164800 Implicit null exception at 0x00000000039de1cd to 0x00000000039de73c
Event: 9.458 Thread 0x0000000003164800 Exception <a 'java/lang/NullPointerException'> (0x00000000d889c2c0) thrown at [C:\workspace\8-2-build-windows-amd64-cygwin\jdk8u192\11897\hotspot\src\share\vm\runtime\sharedRuntime.cpp, line 605]
Event: 10.175 Thread 0x0000000003164800 Exception <a 'java/lang/ClassNotFoundException': java/lang/ObjectCustomizer> (0x00000000d996e628) thrown at [C:\workspace\8-2-build-windows-amd64-cygwin\jdk8u192\11897\hotspot\src\share\vm\classfile\systemDictionary.cpp, line 210]

Events (10 events):
Event: 10.167 loading class javax/json/bind$Jsonb
Event: 10.167 loading class javax/json/bind$Jsonb done
Event: 10.169 loading class org/springframework/web/servlet/config/annotation/WebMvcConfigurerComposite
Event: 10.170 loading class org/springframework/web/servlet/config/annotation/WebMvcConfigurerComposite done
Event: 10.175 loading class java/lang/ObjectCustomizer
Event: 10.175 loading class java/lang/ObjectCustomizer done
Event: 10.175 loading class java/lang/ObjectCustomizer
Event: 10.175 loading class java/lang/ObjectCustomizer done
Event: 10.176 loading class org/springframework/web/servlet/config/annotation/WebMvcConfigurationSupportCustomizer
Event: 10.176 loading class org/springframework/web/servlet/config/annotation/WebMvcConfigurationSupportCustomizer done


Dynamic libraries:
0x00007ff692920000 - 0x00007ff692957000 	C:\Program Files\Java\jdk1.8.0_192\bin\javaw.exe
0x00007ffd28080000 - 0x00007ffd28270000 	C:\Windows\SYSTEM32\ntdll.dll
0x00007ffd27f10000 - 0x00007ffd27fc2000 	C:\Windows\System32\KERNEL32.DLL
0x00007ffd25990000 - 0x00007ffd25c33000 	C:\Windows\System32\KERNELBASE.dll
0x00007ffd27830000 - 0x00007ffd278d3000 	C:\Windows\System32\ADVAPI32.dll
0x00007ffd269d0000 - 0x00007ffd26a6e000 	C:\Windows\System32\msvcrt.dll
0x00007ffd264c0000 - 0x00007ffd26557000 	C:\Windows\System32\sechost.dll
0x00007ffd26ed0000 - 0x00007ffd26ff0000 	C:\Windows\System32\RPCRT4.dll
0x00007ffd26d00000 - 0x00007ffd26e93000 	C:\Windows\System32\USER32.dll
0x00007ffd25960000 - 0x00007ffd25981000 	C:\Windows\System32\win32u.dll
0x00007ffd26a70000 - 0x00007ffd26a96000 	C:\Windows\System32\GDI32.dll
0x00007ffd25d40000 - 0x00007ffd25ed4000 	C:\Windows\System32\gdi32full.dll
0x00007ffd25f90000 - 0x00007ffd2602e000 	C:\Windows\System32\msvcp_win.dll
0x00007ffd25c40000 - 0x00007ffd25d3a000 	C:\Windows\System32\ucrtbase.dll
0x00007ffd0f8f0000 - 0x00007ffd0fb75000 	C:\Windows\WinSxS\amd64_microsoft.windows.common-controls_6595b64144ccf1df_6.0.18362.175_none_e6c3ab1f131014c9\COMCTL32.dll
0x00007ffd278e0000 - 0x00007ffd27c16000 	C:\Windows\System32\combase.dll
0x00007ffd26080000 - 0x00007ffd26101000 	C:\Windows\System32\bcryptPrimitives.dll
0x00007ffd27730000 - 0x00007ffd2775e000 	C:\Windows\System32\IMM32.DLL
0x00000000561f0000 - 0x00000000562c1000 	C:\Program Files\Java\jdk1.8.0_192\jre\bin\msvcr100.dll
0x0000000055940000 - 0x00000000561e3000 	C:\Program Files\Java\jdk1.8.0_192\jre\bin\server\jvm.dll
0x00007ffd26aa0000 - 0x00007ffd26aa8000 	C:\Windows\System32\PSAPI.DLL
0x00007ffd10b10000 - 0x00007ffd10b19000 	C:\Windows\SYSTEM32\WSOCK32.dll
0x00007ffd27ca0000 - 0x00007ffd27d0f000 	C:\Windows\System32\WS2_32.dll
0x00007ffd221a0000 - 0x00007ffd221c4000 	C:\Windows\SYSTEM32\WINMM.dll
0x00007ffd1fcf0000 - 0x00007ffd1fcfa000 	C:\Windows\SYSTEM32\VERSION.dll
0x00007ffd22170000 - 0x00007ffd2219d000 	C:\Windows\SYSTEM32\WINMMBASE.dll
0x00007ffd26030000 - 0x00007ffd2607a000 	C:\Windows\System32\cfgmgr32.dll
0x00007ffd16430000 - 0x00007ffd1643f000 	C:\Program Files\Java\jdk1.8.0_192\jre\bin\verify.dll
0x00007ffd0ff40000 - 0x00007ffd0ff69000 	C:\Program Files\Java\jdk1.8.0_192\jre\bin\java.dll
0x00007ffd0feb0000 - 0x00007ffd0fec6000 	C:\Program Files\Java\jdk1.8.0_192\jre\bin\zip.dll
0x00007ffd26ff0000 - 0x00007ffd276d0000 	C:\Windows\System32\SHELL32.dll
0x00007ffd26b10000 - 0x00007ffd26bb9000 	C:\Windows\System32\shcore.dll
0x00007ffd25010000 - 0x00007ffd2578b000 	C:\Windows\System32\windows.storage.dll
0x00007ffd24ff0000 - 0x00007ffd2500f000 	C:\Windows\System32\profapi.dll
0x00007ffd24f80000 - 0x00007ffd24fca000 	C:\Windows\System32\powrprof.dll
0x00007ffd24f50000 - 0x00007ffd24f60000 	C:\Windows\System32\UMPDC.dll
0x00007ffd27fd0000 - 0x00007ffd28022000 	C:\Windows\System32\shlwapi.dll
0x00007ffd24f60000 - 0x00007ffd24f71000 	C:\Windows\System32\kernel.appcore.dll
0x00007ffd257f0000 - 0x00007ffd25807000 	C:\Windows\System32\cryptsp.dll
0x00007ffd10530000 - 0x00007ffd1053d000 	C:\Program Files\Java\jdk1.8.0_192\jre\bin\management.dll
0x00007ffd0f770000 - 0x00007ffd0f78a000 	C:\Program Files\Java\jdk1.8.0_192\jre\bin\net.dll
0x00007ffd24790000 - 0x00007ffd247f7000 	C:\Windows\system32\mswsock.dll
0x00007ffd133e0000 - 0x00007ffd133f6000 	C:\Windows\system32\napinsp.dll
0x00007ffd133c0000 - 0x00007ffd133da000 	C:\Windows\system32\pnrpnsp.dll
0x00007ffd24530000 - 0x00007ffd245fa000 	C:\Windows\SYSTEM32\DNSAPI.dll
0x00007ffd28030000 - 0x00007ffd28038000 	C:\Windows\System32\NSI.dll
0x00007ffd244f0000 - 0x00007ffd2452a000 	C:\Windows\SYSTEM32\IPHLPAPI.DLL
0x00007ffd11ed0000 - 0x00007ffd11ede000 	C:\Windows\System32\winrnr.dll
0x00007ffd1f520000 - 0x00007ffd1f53c000 	C:\Windows\system32\NLAapi.dll
0x00007ffd1ffe0000 - 0x00007ffd1fff5000 	C:\Windows\system32\wshbth.dll
0x00007ffd17bd0000 - 0x00007ffd17bda000 	C:\Windows\System32\rasadhlp.dll
0x00007ffd1a660000 - 0x00007ffd1a6d7000 	C:\Windows\System32\fwpuclnt.dll
0x00007ffd26110000 - 0x00007ffd26136000 	C:\Windows\System32\bcrypt.dll
0x00007ffd0f6f0000 - 0x00007ffd0f701000 	C:\Program Files\Java\jdk1.8.0_192\jre\bin\nio.dll
0x00007ffd24350000 - 0x00007ffd24383000 	C:\Windows\system32\rsaenh.dll
0x00007ffd24e70000 - 0x00007ffd24e95000 	C:\Windows\SYSTEM32\USERENV.dll
0x00007ffd24960000 - 0x00007ffd2496c000 	C:\Windows\SYSTEM32\CRYPTBASE.dll
0x00007ffd1c010000 - 0x00007ffd1c026000 	C:\Windows\SYSTEM32\dhcpcsvc6.DLL
0x00007ffd1c4c0000 - 0x00007ffd1c4dc000 	C:\Windows\SYSTEM32\dhcpcsvc.DLL

VM Arguments:
jvm_args: -Dfile.encoding=UTF-8 
java_command: com.example.fertilizerManage.FertilizerManageApplication
java_class_path (initial): F:\workspace\YZJW\fertilizerManage\target\classes;F:\maven\maven-repository\org\springframework\boot\spring-boot-starter\2.2.6.RELEASE\spring-boot-starter-2.2.6.RELEASE.jar;F:\maven\maven-repository\org\springframework\boot\spring-boot\2.2.6.RELEASE\spring-boot-2.2.6.RELEASE.jar;F:\maven\maven-repository\org\springframework\boot\spring-boot-autoconfigure\2.2.6.RELEASE\spring-boot-autoconfigure-2.2.6.RELEASE.jar;F:\maven\maven-repository\org\springframework\boot\spring-boot-starter-logging\2.2.6.RELEASE\spring-boot-starter-logging-2.2.6.RELEASE.jar;F:\maven\maven-repository\ch\qos\logback\logback-classic\1.2.3\logback-classic-1.2.3.jar;F:\maven\maven-repository\ch\qos\logback\logback-core\1.2.3\logback-core-1.2.3.jar;F:\maven\maven-repository\org\apache\logging\log4j\log4j-to-slf4j\2.12.1\log4j-to-slf4j-2.12.1.jar;F:\maven\maven-repository\org\apache\logging\log4j\log4j-api\2.12.1\log4j-api-2.12.1.jar;F:\maven\maven-repository\org\slf4j\jul-to-slf4j\1.7.30\jul-to-slf4j-1.7.30.jar;F:\maven\maven-repository\jakarta\annotation\jakarta.annotation-api\1.3.5\jakarta.annotation-api-1.3.5.jar;F:\maven\maven-repository\org\springframework\spring-core\5.2.5.RELEASE\spring-core-5.2.5.RELEASE.jar;F:\maven\maven-repository\org\springframework\spring-jcl\5.2.5.RELEASE\spring-jcl-5.2.5.RELEASE.jar;F:\maven\maven-repository\org\yaml\snakeyaml\1.25\snakeyaml-1.25.jar;F:\maven\maven-repository\org\slf4j\slf4j-api\1.7.30\slf4j-api-1.7.30.jar;F:\maven\maven-repository\org\springframework\boot\spring-boot-starter-web\2.2.6.RELEASE\spring-boot-starter-web-2.2.6.RELEASE.jar;F:\maven\maven-repository\org\springframework\boot\spring-boot-starter-json\2.2.6.RELEASE\spring-boot-starter-json-2.2.6.RELEASE.jar;F:\maven\maven-repository\com\fasterxml\jackson\core\jackson-databind\2.10.3\jackson-databind-2.10.3.jar;F:\maven\maven-repository\com\fasterxml\jackson\core\jackson-annotations\2.10.3\jackson-annotations-2.10.3.jar;F:\maven\maven-repository\com\fasterxml\jacks
Launcher Type: SUN_STANDARD

Environment Variables:
JAVA_HOME=C:\Program Files\Java\jdk1.7.0_80
CLASSPATH=.;C:\Program Files\Java\jdk1.7.0_80\lib\dt.jar;C:\Program Files\Java\jdk1.7.0_80\lib\tools.jar;
PATH=C:/Program Files/Java/jre1.8.0_251/bin/server;C:/Program Files/Java/jre1.8.0_251/bin;C:/Program Files/Java/jre1.8.0_251/lib/amd64;F:\app\Administrator\product\11.2.0\dbhome_1\bin;C:\Program Files (x86)\Common Files\Oracle\Java\javapath;C:\Windows\system32;C:\Windows;C:\Windows\System32\Wbem;C:\Windows\System32\WindowsPowerShell\v1.0\;C:\Windows\System32\OpenSSH\;C:\Program Files\Java\jdk1.7.0_80\bin;C:\Program Files\Java\jdk1.7.0_80\jre\bin;F:\TortoiseSVN\bin;F:\maven\apache-maven-3.6.1\bin\;F:\node.js\;F:\node.js\node_global;C:\Users\Administrator\AppData\Local\Microsoft\WindowsApps;F:\node.js\node_global;;F:\vsCode\Microsoft VS Code\bin;F:\eclipse\eclipse-jee-luna-SR2-win32-x86_64;
USERNAME=Administrator
OS=Windows_NT
PROCESSOR_IDENTIFIER=Intel64 Family 6 Model 142 Stepping 9, GenuineIntel



---------------  S Y S T E M  ---------------

OS: Windows 10.0 , 64 bit Build 18362 (10.0.18362.86)

CPU:total 4 (initial active 4) (2 cores per cpu, 2 threads per core) family 6 model 142 stepping 9, cmov, cx8, fxsr, mmx, sse, sse2, sse3, ssse3, sse4.1, sse4.2, popcnt, avx, avx2, aes, clmul, erms, 3dnowpref, lzcnt, ht, tsc, tscinvbit, bmi1, bmi2, adx

Memory: 4k page, physical 7800256k(763768k free), swap 23997884k(4468k free)

vm_info: Java HotSpot(TM) 64-Bit Server VM (25.192-b12) for windows-amd64 JRE (1.8.0_192-b12), built on Oct  6 2018 17:12:23 by "java_re" with MS VC++ 10.0 (VS2010)

time: Fri May 08 11:19:39 2020
timezone: 中国标准时间
elapsed time: 10 seconds (0d 0h 0m 10s)

