#
# There is insufficient memory for the Java Runtime Environment to continue.
# Native memory allocation (malloc) failed to allocate 32744 bytes for ChunkPool::allocate
# Possible reasons:
#   The system is out of physical RAM or swap space
#   The process is running with CompressedOops enabled, and the Java Heap may be blocking the growth of the native heap
# Possible solutions:
#   Reduce memory load on the system
#   Increase physical memory or swap space
#   Check if swap backing store is full
#   Decrease Java heap size (-Xmx/-Xms)
#   Decrease number of Java threads
#   Decrease Java thread stack sizes (-Xss)
#   Set larger code cache with -XX:ReservedCodeCacheSize=
#   JVM is running with Unscaled Compressed Oops mode in which the Java heap is
#     placed in the first 4GB address space. The Java Heap base address is the
#     maximum limit for the native heap growth. Please use -XX:HeapBaseMinAddress
#     to set the Java Heap base and to place the Java Heap above 4GB virtual address.
# This output file may be truncated or incomplete.
#
#  Out of Memory Error (allocation.cpp:273), pid=7272, tid=0x0000000000007398
#
# JRE version: Java(TM) SE Runtime Environment (8.0_192-b12) (build 1.8.0_192-b12)
# Java VM: Java HotSpot(TM) 64-Bit Server VM (25.192-b12 mixed mode windows-amd64 compressed oops)
# Failed to write core dump. Minidumps are not enabled by default on client versions of Windows
#

---------------  T H R E A D  ---------------

Current thread (0x0000000018f93000):  JavaThread "C2 CompilerThread0" daemon [_thread_in_native, id=29592, stack(0x0000000019550000,0x0000000019650000)]

Stack: [0x0000000019550000,0x0000000019650000]
[error occurred during error reporting (printing stack bounds), id 0xc0000005]

Native frames: (J=compiled Java code, j=interpreted, Vv=VM code, C=native code)


Current CompileTask:
C2:   3947 1780   !   4       java.net.URLClassLoader$1::run (63 bytes)


---------------  P R O C E S S  ---------------

Java Threads: ( => current thread )
  0x0000000017c5d800 JavaThread "Service Thread" daemon [_thread_blocked, id=18260, stack(0x0000000019850000,0x0000000019950000)]
  0x0000000017c38800 JavaThread "C1 CompilerThread2" daemon [_thread_in_native, id=15840, stack(0x0000000019750000,0x0000000019850000)]
  0x0000000017c33800 JavaThread "C2 CompilerThread1" daemon [_thread_in_native, id=11660, stack(0x0000000019650000,0x0000000019750000)]
=>0x0000000018f93000 JavaThread "C2 CompilerThread0" daemon [_thread_in_native, id=29592, stack(0x0000000019550000,0x0000000019650000)]
  0x0000000017c27000 JavaThread "Attach Listener" daemon [_thread_blocked, id=21652, stack(0x0000000019450000,0x0000000019550000)]
  0x0000000017c12800 JavaThread "Signal Dispatcher" daemon [_thread_blocked, id=17372, stack(0x0000000019350000,0x0000000019450000)]
  0x0000000017beb000 JavaThread "Finalizer" daemon [_thread_blocked, id=19992, stack(0x0000000018e50000,0x0000000018f50000)]
  0x0000000003505000 JavaThread "Reference Handler" daemon [_thread_blocked, id=8724, stack(0x0000000018d50000,0x0000000018e50000)]
  0x0000000003414800 JavaThread "main" [_thread_in_vm, id=17260, stack(0x0000000003240000,0x0000000003340000)]

Other Threads:
  0x0000000017bc7000 VMThread [stack: 0x0000000018c50000,0x0000000018d50000] [id=15532]
  0x0000000017c5e800 WatcherThread [stack: 0x0000000019950000,0x0000000019a50000] [id=26716]

VM state:not at safepoint (normal execution)

VM Mutex/Monitor currently owned by a thread: None

heap address: 0x0000000088e00000, size: 1906 MB, Compressed Oops mode: 32-bit
Narrow klass base: 0x0000000000000000, Narrow klass shift: 3
Compressed class space size: 1073741824 Address: 0x0000000100000000

Heap:
 PSYoungGen      total 66560K, used 39714K [0x00000000d8500000, 0x00000000dcb00000, 0x0000000100000000)
  eden space 61440K, 64% used [0x00000000d8500000,0x00000000dabc8b40,0x00000000dc100000)
  from space 5120K, 0% used [0x00000000dc600000,0x00000000dc600000,0x00000000dcb00000)
  to   space 5120K, 0% used [0x00000000dc100000,0x00000000dc100000,0x00000000dc600000)
 ParOldGen       total 45568K, used 5453K [0x0000000088e00000, 0x000000008ba80000, 0x00000000d8500000)
  object space 45568K, 11% used [0x0000000088e00000,0x0000000089353560,0x000000008ba80000)
 Metaspace       used 25140K, capacity 25958K, committed 26240K, reserved 1073152K
  class space    used 3208K, capacity 3415K, committed 3456K, reserved 1048576K

Card table byte_map: [0x00000000128d0000,0x0000000012c90000] byte_map_base: 0x0000000012489000

Marking Bits: (ParMarkBitMap*) 0x0000000055e43ce0
 Begin Bits: [0x0000000013310000, 0x00000000150d8000)
 End Bits:   [0x00000000150d8000, 0x0000000016ea0000)

Polling page: 0x0000000001140000

CodeCache: size=245760Kb used=6026Kb max_used=6026Kb free=239733Kb
 bounds [0x0000000003510000, 0x0000000003b00000, 0x0000000012510000]
 total_blobs=2275 nmethods=1895 adapters=292
 compilation: enabled

Compilation events (10 events):
Event: 3.931 Thread 0x0000000017c38800 nmethod 1895 0x0000000003aec090 code [0x0000000003aec240, 0x0000000003aec748]
Event: 3.934 Thread 0x0000000017c38800 1896       3       org.springframework.core.annotation.MergedAnnotationsCollection$AnnotationsSpliterator::getNextSuitableMapping (45 bytes)
Event: 3.935 Thread 0x0000000017c38800 nmethod 1896 0x0000000003aec8d0 code [0x0000000003aecac0, 0x0000000003aed388]
Event: 3.937 Thread 0x0000000017c38800 1897       3       sun.net.util.URLUtil::urlNoFragString (114 bytes)
Event: 3.939 Thread 0x0000000017c38800 nmethod 1897 0x0000000003aed8d0 code [0x0000000003aedb60, 0x0000000003aef028]
Event: 3.941 Thread 0x0000000017c38800 1898       3       org.springframework.core.annotation.TypeMappedAnnotation::<init> (15 bytes)
Event: 3.942 Thread 0x0000000017c38800 nmethod 1898 0x0000000003aef750 code [0x0000000003aef8c0, 0x0000000003aefa68]
Event: 3.943 Thread 0x0000000017c38800 1900       3       org.springframework.core.annotation.AnnotationTypeMappings::forAnnotationType (8 bytes)
Event: 3.943 Thread 0x0000000017c38800 nmethod 1900 0x0000000003aefb10 code [0x0000000003aefc80, 0x0000000003aeff28]
Event: 3.944 Thread 0x0000000017c38800 1901   !   3       java.net.URL::getURLStreamHandler (313 bytes)

GC Heap History (10 events):
Event: 1.713 GC heap before
{Heap before GC invocations=1 (full 0):
 PSYoungGen      total 35840K, used 30720K [0x00000000d8500000, 0x00000000dad00000, 0x0000000100000000)
  eden space 30720K, 100% used [0x00000000d8500000,0x00000000da300000,0x00000000da300000)
  from space 5120K, 0% used [0x00000000da800000,0x00000000da800000,0x00000000dad00000)
  to   space 5120K, 0% used [0x00000000da300000,0x00000000da300000,0x00000000da800000)
 ParOldGen       total 81920K, used 0K [0x0000000088e00000, 0x000000008de00000, 0x00000000d8500000)
  object space 81920K, 0% used [0x0000000088e00000,0x0000000088e00000,0x000000008de00000)
 Metaspace       used 11537K, capacity 11834K, committed 12032K, reserved 1060864K
  class space    used 1378K, capacity 1451K, committed 1536K, reserved 1048576K
Event: 1.725 GC heap after
Heap after GC invocations=1 (full 0):
 PSYoungGen      total 35840K, used 5117K [0x00000000d8500000, 0x00000000dad00000, 0x0000000100000000)
  eden space 30720K, 0% used [0x00000000d8500000,0x00000000d8500000,0x00000000da300000)
  from space 5120K, 99% used [0x00000000da300000,0x00000000da7ff438,0x00000000da800000)
  to   space 5120K, 0% used [0x00000000da800000,0x00000000da800000,0x00000000dad00000)
 ParOldGen       total 81920K, used 1145K [0x0000000088e00000, 0x000000008de00000, 0x00000000d8500000)
  object space 81920K, 1% used [0x0000000088e00000,0x0000000088f1e760,0x000000008de00000)
 Metaspace       used 11537K, capacity 11834K, committed 12032K, reserved 1060864K
  class space    used 1378K, capacity 1451K, committed 1536K, reserved 1048576K
}
Event: 2.309 GC heap before
{Heap before GC invocations=2 (full 0):
 PSYoungGen      total 35840K, used 35837K [0x00000000d8500000, 0x00000000dad00000, 0x0000000100000000)
  eden space 30720K, 100% used [0x00000000d8500000,0x00000000da300000,0x00000000da300000)
  from space 5120K, 99% used [0x00000000da300000,0x00000000da7ff438,0x00000000da800000)
  to   space 5120K, 0% used [0x00000000da800000,0x00000000da800000,0x00000000dad00000)
 ParOldGen       total 81920K, used 1145K [0x0000000088e00000, 0x000000008de00000, 0x00000000d8500000)
  object space 81920K, 1% used [0x0000000088e00000,0x0000000088f1e760,0x000000008de00000)
 Metaspace       used 15488K, capacity 16054K, committed 16384K, reserved 1062912K
  class space    used 2033K, capacity 2189K, committed 2304K, reserved 1048576K
Event: 2.322 GC heap after
Heap after GC invocations=2 (full 0):
 PSYoungGen      total 35840K, used 5111K [0x00000000d8500000, 0x00000000dcb00000, 0x0000000100000000)
  eden space 30720K, 0% used [0x00000000d8500000,0x00000000d8500000,0x00000000da300000)
  from space 5120K, 99% used [0x00000000da800000,0x00000000dacfdf20,0x00000000dad00000)
  to   space 5120K, 0% used [0x00000000da300000,0x00000000da300000,0x00000000da800000)
 ParOldGen       total 81920K, used 2721K [0x0000000088e00000, 0x000000008de00000, 0x00000000d8500000)
  object space 81920K, 3% used [0x0000000088e00000,0x00000000890a87f0,0x000000008de00000)
 Metaspace       used 15488K, capacity 16054K, committed 16384K, reserved 1062912K
  class space    used 2033K, capacity 2189K, committed 2304K, reserved 1048576K
}
Event: 2.835 GC heap before
{Heap before GC invocations=3 (full 0):
 PSYoungGen      total 35840K, used 35831K [0x00000000d8500000, 0x00000000dcb00000, 0x0000000100000000)
  eden space 30720K, 100% used [0x00000000d8500000,0x00000000da300000,0x00000000da300000)
  from space 5120K, 99% used [0x00000000da800000,0x00000000dacfdf20,0x00000000dad00000)
  to   space 5120K, 0% used [0x00000000da300000,0x00000000da300000,0x00000000da800000)
 ParOldGen       total 81920K, used 2721K [0x0000000088e00000, 0x000000008de00000, 0x00000000d8500000)
  object space 81920K, 3% used [0x0000000088e00000,0x00000000890a87f0,0x000000008de00000)
 Metaspace       used 20337K, capacity 20950K, committed 21248K, reserved 1067008K
  class space    used 2549K, capacity 2705K, committed 2816K, reserved 1048576K
Event: 2.847 GC heap after
Heap after GC invocations=3 (full 0):
 PSYoungGen      total 35840K, used 5103K [0x00000000d8500000, 0x00000000dcb00000, 0x0000000100000000)
  eden space 30720K, 0% used [0x00000000d8500000,0x00000000d8500000,0x00000000da300000)
  from space 5120K, 99% used [0x00000000da300000,0x00000000da7fbd50,0x00000000da800000)
  to   space 5120K, 0% used [0x00000000dc600000,0x00000000dc600000,0x00000000dcb00000)
 ParOldGen       total 81920K, used 6686K [0x0000000088e00000, 0x000000008de00000, 0x00000000d8500000)
  object space 81920K, 8% used [0x0000000088e00000,0x0000000089487a18,0x000000008de00000)
 Metaspace       used 20337K, capacity 20950K, committed 21248K, reserved 1067008K
  class space    used 2549K, capacity 2705K, committed 2816K, reserved 1048576K
}
Event: 2.859 GC heap before
{Heap before GC invocations=4 (full 0):
 PSYoungGen      total 35840K, used 6963K [0x00000000d8500000, 0x00000000dcb00000, 0x0000000100000000)
  eden space 30720K, 6% used [0x00000000d8500000,0x00000000d86d1068,0x00000000da300000)
  from space 5120K, 99% used [0x00000000da300000,0x00000000da7fbd50,0x00000000da800000)
  to   space 5120K, 0% used [0x00000000dc600000,0x00000000dc600000,0x00000000dcb00000)
 ParOldGen       total 81920K, used 6686K [0x0000000088e00000, 0x000000008de00000, 0x00000000d8500000)
  object space 81920K, 8% used [0x0000000088e00000,0x0000000089487a18,0x000000008de00000)
 Metaspace       used 20543K, capacity 21110K, committed 21248K, reserved 1067008K
  class space    used 2577K, capacity 2737K, committed 2816K, reserved 1048576K
Event: 2.866 GC heap after
Heap after GC invocations=4 (full 0):
 PSYoungGen      total 66560K, used 5096K [0x00000000d8500000, 0x00000000dcb00000, 0x0000000100000000)
  eden space 61440K, 0% used [0x00000000d8500000,0x00000000d8500000,0x00000000dc100000)
  from space 5120K, 99% used [0x00000000dc600000,0x00000000dcafa020,0x00000000dcb00000)
  to   space 5120K, 0% used [0x00000000dc100000,0x00000000dc100000,0x00000000dc600000)
 ParOldGen       total 81920K, used 6926K [0x0000000088e00000, 0x000000008de00000, 0x00000000d8500000)
  object space 81920K, 8% used [0x0000000088e00000,0x00000000894c3ac0,0x000000008de00000)
 Metaspace       used 20543K, capacity 21110K, committed 21248K, reserved 1067008K
  class space    used 2577K, capacity 2737K, committed 2816K, reserved 1048576K
}
Event: 2.866 GC heap before
{Heap before GC invocations=5 (full 1):
 PSYoungGen      total 66560K, used 5096K [0x00000000d8500000, 0x00000000dcb00000, 0x0000000100000000)
  eden space 61440K, 0% used [0x00000000d8500000,0x00000000d8500000,0x00000000dc100000)
  from space 5120K, 99% used [0x00000000dc600000,0x00000000dcafa020,0x00000000dcb00000)
  to   space 5120K, 0% used [0x00000000dc100000,0x00000000dc100000,0x00000000dc600000)
 ParOldGen       total 81920K, used 6926K [0x0000000088e00000, 0x000000008de00000, 0x00000000d8500000)
  object space 81920K, 8% used [0x0000000088e00000,0x00000000894c3ac0,0x000000008de00000)
 Metaspace       used 20543K, capacity 21110K, committed 21248K, reserved 1067008K
  class space    used 2577K, capacity 2737K, committed 2816K, reserved 1048576K
Event: 2.911 GC heap after
Heap after GC invocations=5 (full 1):
 PSYoungGen      total 66560K, used 0K [0x00000000d8500000, 0x00000000dcb00000, 0x0000000100000000)
  eden space 61440K, 0% used [0x00000000d8500000,0x00000000d8500000,0x00000000dc100000)
  from space 5120K, 0% used [0x00000000dc600000,0x00000000dc600000,0x00000000dcb00000)
  to   space 5120K, 0% used [0x00000000dc100000,0x00000000dc100000,0x00000000dc600000)
 ParOldGen       total 45568K, used 5453K [0x0000000088e00000, 0x000000008ba80000, 0x00000000d8500000)
  object space 45568K, 11% used [0x0000000088e00000,0x0000000089353560,0x000000008ba80000)
 Metaspace       used 20542K, capacity 21104K, committed 21248K, reserved 1067008K
  class space    used 2577K, capacity 2736K, committed 2816K, reserved 1048576K
}

Deoptimization events (10 events):
Event: 2.542 Thread 0x000000001a049000 Uncommon trap: reason=class_check action=maybe_recompile pc=0x0000000003898ccc method=java.util.HashMap.putVal(ILjava/lang/Object;Ljava/lang/Object;ZZ)Ljava/lang/Object; @ 203
Event: 2.559 Thread 0x000000001a049000 Uncommon trap: reason=class_check action=maybe_recompile pc=0x0000000003898ccc method=java.util.HashMap.putVal(ILjava/lang/Object;Ljava/lang/Object;ZZ)Ljava/lang/Object; @ 203
Event: 2.565 Thread 0x000000001a049000 Uncommon trap: reason=class_check action=maybe_recompile pc=0x0000000003898ccc method=java.util.HashMap.putVal(ILjava/lang/Object;Ljava/lang/Object;ZZ)Ljava/lang/Object; @ 203
Event: 2.726 Thread 0x0000000003414800 Uncommon trap: reason=unstable_if action=reinterpret pc=0x000000000370eb68 method=java.lang.reflect.Method.equals(Ljava/lang/Object;)Z @ 49
Event: 3.101 Thread 0x0000000003414800 Uncommon trap: reason=class_check action=maybe_recompile pc=0x000000000364ce20 method=java.lang.String.equals(Ljava/lang/Object;)Z @ 8
Event: 3.183 Thread 0x0000000003414800 Uncommon trap: reason=class_check action=maybe_recompile pc=0x000000000364ce20 method=java.lang.String.equals(Ljava/lang/Object;)Z @ 8
Event: 3.183 Thread 0x0000000003414800 Uncommon trap: reason=class_check action=maybe_recompile pc=0x000000000364ce20 method=java.lang.String.equals(Ljava/lang/Object;)Z @ 8
Event: 3.183 Thread 0x0000000003414800 Uncommon trap: reason=class_check action=maybe_recompile pc=0x000000000364ce20 method=java.lang.String.equals(Ljava/lang/Object;)Z @ 8
Event: 3.249 Thread 0x000000001a049000 Uncommon trap: reason=unstable_if action=reinterpret pc=0x00000000038fb064 method=jdk.internal.org.objectweb.asm.Type.getArgumentsAndReturnSizes(Ljava/lang/String;)I @ 47
Event: 3.415 Thread 0x0000000003414800 Uncommon trap: reason=unstable_if action=reinterpret pc=0x0000000003a0b4b4 method=java.io.WinNTFileSystem.normalize(Ljava/lang/String;)Ljava/lang/String; @ 128

Classes redefined (0 events):
No events

Internal exceptions (10 events):
Event: 3.375 Thread 0x0000000003414800 Exception <a 'java/lang/ClassNotFoundException': org/springframework/context/ResourceLoaderAwareCustomizer> (0x00000000d9a7cfb8) thrown at [C:\workspace\8-2-build-windows-amd64-cygwin\jdk8u192\11897\hotspot\src\share\vm\classfile\systemDictionary.cpp, lin
Event: 3.376 Thread 0x0000000003414800 Exception <a 'java/lang/ClassNotFoundException': org/springframework/beans/factory/AwareCustomizer> (0x00000000d9a8db90) thrown at [C:\workspace\8-2-build-windows-amd64-cygwin\jdk8u192\11897\hotspot\src\share\vm\classfile\systemDictionary.cpp, line 210]
Event: 3.377 Thread 0x0000000003414800 Exception <a 'java/lang/ClassNotFoundException': org/springframework/beans/factory/BeanClassLoaderAwareCustomizer> (0x00000000d9aa0a78) thrown at [C:\workspace\8-2-build-windows-amd64-cygwin\jdk8u192\11897\hotspot\src\share\vm\classfile\systemDictionary.c
Event: 3.377 Thread 0x0000000003414800 Exception <a 'java/lang/ClassNotFoundException': org/springframework/beans/factory/AwareCustomizer> (0x00000000d9ab16e0) thrown at [C:\workspace\8-2-build-windows-amd64-cygwin\jdk8u192\11897\hotspot\src\share\vm\classfile\systemDictionary.cpp, line 210]
Event: 3.378 Thread 0x0000000003414800 Exception <a 'java/lang/ClassNotFoundException': org/springframework/context/EnvironmentAwareCustomizer> (0x00000000d9ac21c8) thrown at [C:\workspace\8-2-build-windows-amd64-cygwin\jdk8u192\11897\hotspot\src\share\vm\classfile\systemDictionary.cpp, line 2
Event: 3.379 Thread 0x0000000003414800 Exception <a 'java/lang/ClassNotFoundException': org/springframework/beans/factory/AwareCustomizer> (0x00000000d9ad2d98) thrown at [C:\workspace\8-2-build-windows-amd64-cygwin\jdk8u192\11897\hotspot\src\share\vm\classfile\systemDictionary.cpp, line 210]
Event: 3.417 Thread 0x0000000003414800 Exception <a 'java/lang/NoSuchMethodError': java.lang.Object.lambda$comparing$77a9974f$1(Ljava/util/function/Function;Ljava/lang/Object;Ljava/lang/Object;)I> (0x00000000d9c9d9c8) thrown at [C:\workspace\8-2-build-windows-amd64-cygwin\jdk8u192\11897\hotspo
Event: 3.746 Thread 0x0000000003414800 Exception <a 'java/lang/IncompatibleClassChangeError': Found class java.lang.Object, but interface was expected> (0x00000000da71f7f0) thrown at [C:\workspace\8-2-build-windows-amd64-cygwin\jdk8u192\11897\hotspot\src\share\vm\interpreter\linkResolver.cpp, 
Event: 3.806 Thread 0x0000000003414800 Exception <a 'java/lang/NoSuchMethodError': java.lang.Object.lambda$getAllAnnotationAttributes$0(Lorg/springframework/util/MultiValueMap;)Lorg/springframework/util/MultiValueMap;> (0x00000000da889190) thrown at [C:\workspace\8-2-build-windows-amd64-cygwin
Event: 3.807 Thread 0x0000000003414800 Exception <a 'java/lang/NoSuchMethodError': java.lang.Object.lambda$identity$2(Ljava/lang/Object;)Ljava/lang/Object;> (0x00000000da8978b8) thrown at [C:\workspace\8-2-build-windows-amd64-cygwin\jdk8u192\11897\hotspot\src\share\vm\interpreter\linkResolver.

Events (10 events):
Event: 3.929 loading class org/eclipse/jetty/util/Loader
Event: 3.929 loading class org/eclipse/jetty/util/Loader done
Event: 3.929 loading class org/eclipse/jetty/webapp/WebAppContext
Event: 3.929 loading class org/eclipse/jetty/webapp/WebAppContext done
Event: 3.931 loading class io/undertow/Undertow
Event: 3.931 loading class io/undertow/Undertow done
Event: 3.932 loading class org/xnio/SslClientAuthMode
Event: 3.932 loading class org/xnio/SslClientAuthMode done
Event: 3.945 loading class org/springframework/boot/autoconfigure/web/servlet/DispatcherServletAutoConfiguration$DispatcherServletRegistrationCondition
Event: 3.945 loading class org/springframework/boot/autoconfigure/web/servlet/DispatcherServletAutoConfiguration$DispatcherServletRegistrationCondition done


Dynamic libraries:
0x00007ff726670000 - 0x00007ff7266a7000 	C:\Program Files\Java\jdk1.8.0_192\bin\javaw.exe
0x00007ffd28080000 - 0x00007ffd28270000 	C:\Windows\SYSTEM32\ntdll.dll
0x00007ffd27f10000 - 0x00007ffd27fc2000 	C:\Windows\System32\KERNEL32.DLL
0x00007ffd25990000 - 0x00007ffd25c33000 	C:\Windows\System32\KERNELBASE.dll
0x00007ffd27830000 - 0x00007ffd278d3000 	C:\Windows\System32\ADVAPI32.dll
0x00007ffd269d0000 - 0x00007ffd26a6e000 	C:\Windows\System32\msvcrt.dll
0x00007ffd264c0000 - 0x00007ffd26557000 	C:\Windows\System32\sechost.dll
0x00007ffd26ed0000 - 0x00007ffd26ff0000 	C:\Windows\System32\RPCRT4.dll
0x00007ffd26d00000 - 0x00007ffd26e93000 	C:\Windows\System32\USER32.dll
0x00007ffd25960000 - 0x00007ffd25981000 	C:\Windows\System32\win32u.dll
0x00007ffd26a70000 - 0x00007ffd26a96000 	C:\Windows\System32\GDI32.dll
0x00007ffd25d40000 - 0x00007ffd25ed4000 	C:\Windows\System32\gdi32full.dll
0x00007ffd25f90000 - 0x00007ffd2602e000 	C:\Windows\System32\msvcp_win.dll
0x00007ffd25c40000 - 0x00007ffd25d3a000 	C:\Windows\System32\ucrtbase.dll
0x00007ffd0f8f0000 - 0x00007ffd0fb75000 	C:\Windows\WinSxS\amd64_microsoft.windows.common-controls_6595b64144ccf1df_6.0.18362.175_none_e6c3ab1f131014c9\COMCTL32.dll
0x00007ffd278e0000 - 0x00007ffd27c16000 	C:\Windows\System32\combase.dll
0x00007ffd26080000 - 0x00007ffd26101000 	C:\Windows\System32\bcryptPrimitives.dll
0x00007ffd27730000 - 0x00007ffd2775e000 	C:\Windows\System32\IMM32.DLL
0x00000000561f0000 - 0x00000000562c1000 	C:\Program Files\Java\jdk1.8.0_192\jre\bin\msvcr100.dll
0x0000000055620000 - 0x0000000055ec3000 	C:\Program Files\Java\jdk1.8.0_192\jre\bin\server\jvm.dll
0x00007ffd26aa0000 - 0x00007ffd26aa8000 	C:\Windows\System32\PSAPI.DLL
0x00007ffd221a0000 - 0x00007ffd221c4000 	C:\Windows\SYSTEM32\WINMM.dll
0x00007ffd1fcf0000 - 0x00007ffd1fcfa000 	C:\Windows\SYSTEM32\VERSION.dll
0x00007ffd22170000 - 0x00007ffd2219d000 	C:\Windows\SYSTEM32\winmmbase.dll
0x00007ffd26030000 - 0x00007ffd2607a000 	C:\Windows\System32\cfgmgr32.dll
0x00007ffd10b10000 - 0x00007ffd10b19000 	C:\Windows\SYSTEM32\WSOCK32.dll
0x00007ffd27ca0000 - 0x00007ffd27d0f000 	C:\Windows\System32\WS2_32.dll
0x00007ffd16f00000 - 0x00007ffd16f0f000 	C:\Program Files\Java\jdk1.8.0_192\jre\bin\verify.dll
0x00007ffd105c0000 - 0x00007ffd105e9000 	C:\Program Files\Java\jdk1.8.0_192\jre\bin\java.dll
0x00007ffd0ff20000 - 0x00007ffd0ff36000 	C:\Program Files\Java\jdk1.8.0_192\jre\bin\zip.dll
0x00007ffd26ff0000 - 0x00007ffd276d0000 	C:\Windows\System32\SHELL32.dll
0x00007ffd26b10000 - 0x00007ffd26bb9000 	C:\Windows\System32\shcore.dll
0x00007ffd25010000 - 0x00007ffd2578b000 	C:\Windows\System32\windows.storage.dll
0x00007ffd24ff0000 - 0x00007ffd2500f000 	C:\Windows\System32\profapi.dll
0x00007ffd24f80000 - 0x00007ffd24fca000 	C:\Windows\System32\powrprof.dll
0x00007ffd24f50000 - 0x00007ffd24f60000 	C:\Windows\System32\UMPDC.dll
0x00007ffd27fd0000 - 0x00007ffd28022000 	C:\Windows\System32\shlwapi.dll
0x00007ffd24f60000 - 0x00007ffd24f71000 	C:\Windows\System32\kernel.appcore.dll
0x00007ffd257f0000 - 0x00007ffd25807000 	C:\Windows\System32\cryptsp.dll
0x00007ffd16aa0000 - 0x00007ffd16aad000 	C:\Program Files\Java\jdk1.8.0_192\jre\bin\management.dll
0x00007ffd0f6f0000 - 0x00007ffd0f70a000 	C:\Program Files\Java\jdk1.8.0_192\jre\bin\net.dll
0x00007ffd24790000 - 0x00007ffd247f7000 	C:\Windows\system32\mswsock.dll
0x00007ffd133e0000 - 0x00007ffd133f6000 	C:\Windows\system32\napinsp.dll
0x00007ffd133c0000 - 0x00007ffd133da000 	C:\Windows\system32\pnrpnsp.dll
0x00007ffd24530000 - 0x00007ffd245fa000 	C:\Windows\SYSTEM32\DNSAPI.dll
0x00007ffd28030000 - 0x00007ffd28038000 	C:\Windows\System32\NSI.dll
0x00007ffd244f0000 - 0x00007ffd2452a000 	C:\Windows\SYSTEM32\IPHLPAPI.DLL
0x00007ffd11ed0000 - 0x00007ffd11ede000 	C:\Windows\System32\winrnr.dll
0x00007ffd1f520000 - 0x00007ffd1f53c000 	C:\Windows\system32\NLAapi.dll
0x00007ffd1ffe0000 - 0x00007ffd1fff5000 	C:\Windows\system32\wshbth.dll
0x00007ffd17bd0000 - 0x00007ffd17bda000 	C:\Windows\System32\rasadhlp.dll
0x00007ffd1a660000 - 0x00007ffd1a6d7000 	C:\Windows\System32\fwpuclnt.dll
0x00007ffd26110000 - 0x00007ffd26136000 	C:\Windows\System32\bcrypt.dll
0x00007ffd0f6b0000 - 0x00007ffd0f6c1000 	C:\Program Files\Java\jdk1.8.0_192\jre\bin\nio.dll

VM Arguments:
jvm_args: -Dfile.encoding=UTF-8 
java_command: com.example.fertilizerManage.FertilizerManageApplication
java_class_path (initial): F:\workspace\YZJW\fertilizerManage\target\classes;F:\maven\maven-repository\org\springframework\boot\spring-boot-starter\2.2.6.RELEASE\spring-boot-starter-2.2.6.RELEASE.jar;F:\maven\maven-repository\org\springframework\boot\spring-boot\2.2.6.RELEASE\spring-boot-2.2.6.RELEASE.jar;F:\maven\maven-repository\org\springframework\boot\spring-boot-autoconfigure\2.2.6.RELEASE\spring-boot-autoconfigure-2.2.6.RELEASE.jar;F:\maven\maven-repository\org\springframework\boot\spring-boot-starter-logging\2.2.6.RELEASE\spring-boot-starter-logging-2.2.6.RELEASE.jar;F:\maven\maven-repository\ch\qos\logback\logback-classic\1.2.3\logback-classic-1.2.3.jar;F:\maven\maven-repository\ch\qos\logback\logback-core\1.2.3\logback-core-1.2.3.jar;F:\maven\maven-repository\org\apache\logging\log4j\log4j-to-slf4j\2.12.1\log4j-to-slf4j-2.12.1.jar;F:\maven\maven-repository\org\apache\logging\log4j\log4j-api\2.12.1\log4j-api-2.12.1.jar;F:\maven\maven-repository\org\slf4j\jul-to-slf4j\1.7.30\jul-to-slf4j-1.7.30.jar;F:\maven\maven-repository\jakarta\annotation\jakarta.annotation-api\1.3.5\jakarta.annotation-api-1.3.5.jar;F:\maven\maven-repository\org\springframework\spring-core\5.2.5.RELEASE\spring-core-5.2.5.RELEASE.jar;F:\maven\maven-repository\org\springframework\spring-jcl\5.2.5.RELEASE\spring-jcl-5.2.5.RELEASE.jar;F:\maven\maven-repository\org\yaml\snakeyaml\1.25\snakeyaml-1.25.jar;F:\maven\maven-repository\org\slf4j\slf4j-api\1.7.30\slf4j-api-1.7.30.jar;F:\maven\maven-repository\org\springframework\boot\spring-boot-starter-web\2.2.6.RELEASE\spring-boot-starter-web-2.2.6.RELEASE.jar;F:\maven\maven-repository\org\springframework\boot\spring-boot-starter-json\2.2.6.RELEASE\spring-boot-starter-json-2.2.6.RELEASE.jar;F:\maven\maven-repository\com\fasterxml\jackson\core\jackson-databind\2.10.3\jackson-databind-2.10.3.jar;F:\maven\maven-repository\com\fasterxml\jackson\core\jackson-annotations\2.10.3\jackson-annotations-2.10.3.jar;F:\maven\maven-repository\com\fasterxml\jacks
Launcher Type: SUN_STANDARD

Environment Variables:
JAVA_HOME=C:\Program Files\Java\jdk1.7.0_80
CLASSPATH=.;C:\Program Files\Java\jdk1.7.0_80\lib\dt.jar;C:\Program Files\Java\jdk1.7.0_80\lib\tools.jar;
PATH=C:/Program Files/Java/jre1.8.0_251/bin/server;C:/Program Files/Java/jre1.8.0_251/bin;C:/Program Files/Java/jre1.8.0_251/lib/amd64;F:\app\Administrator\product\11.2.0\dbhome_1\bin;C:\Program Files (x86)\Common Files\Oracle\Java\javapath;C:\Windows\system32;C:\Windows;C:\Windows\System32\Wbem;C:\Windows\System32\WindowsPowerShell\v1.0\;C:\Windows\System32\OpenSSH\;C:\Program Files\Java\jdk1.7.0_80\bin;C:\Program Files\Java\jdk1.7.0_80\jre\bin;F:\TortoiseSVN\bin;F:\maven\apache-maven-3.6.1\bin\;F:\node.js\;F:\node.js\node_global;C:\Users\Administrator\AppData\Local\Microsoft\WindowsApps;F:\node.js\node_global;;F:\vsCode\Microsoft VS Code\bin;F:\eclipse\eclipse-jee-luna-SR2-win32-x86_64;
USERNAME=Administrator
OS=Windows_NT
PROCESSOR_IDENTIFIER=Intel64 Family 6 Model 142 Stepping 9, GenuineIntel



---------------  S Y S T E M  ---------------

OS: Windows 10.0 , 64 bit Build 18362 (10.0.18362.86)

CPU:total 4 (initial active 4) (2 cores per cpu, 2 threads per core) family 6 model 142 stepping 9, cmov, cx8, fxsr, mmx, sse, sse2, sse3, ssse3, sse4.1, sse4.2, popcnt, avx, avx2, aes, clmul, erms, 3dnowpref, lzcnt, ht, tsc, tscinvbit, bmi1, bmi2, adx

Memory: 4k page, physical 7800256k(492868k free), swap 23997884k(5136k free)

vm_info: Java HotSpot(TM) 64-Bit Server VM (25.192-b12) for windows-amd64 JRE (1.8.0_192-b12), built on Oct  6 2018 17:12:23 by "java_re" with MS VC++ 10.0 (VS2010)

time: Fri May 08 11:05:41 2020
timezone: 中国标准时间
elapsed time: 3 seconds (0d 0h 0m 3s)

